2018-05-03 14:28:30,189 [Worker-0] INFO  o.e.m.c.i.e.AbstractTransferListenerAdapter - Downloading http://repo.maven.apache.org/maven2/org/apache/maven/plugins/maven-compiler-plugin/2.5.1/maven-compiler-plugin-2.5.1.jar
2018-05-03 14:28:30,261 [Worker-0] INFO  o.e.m.c.i.e.AbstractTransferListenerAdapter - Downloaded http://repo.maven.apache.org/maven2/org/apache/maven/plugins/maven-compiler-plugin/2.5.1/maven-compiler-plugin-2.5.1.jar
2018-05-03 14:28:30,456 [Worker-0] INFO  o.e.m.c.i.e.AbstractTransferListenerAdapter - Downloading http://repo.maven.apache.org/maven2/org/apache/maven/plugins/maven-compiler-plugin/2.5.1/maven-compiler-plugin-2.5.1.pom
2018-05-03 14:28:30,479 [Worker-0] INFO  o.e.m.c.i.e.AbstractTransferListenerAdapter - Downloaded http://repo.maven.apache.org/maven2/org/apache/maven/plugins/maven-compiler-plugin/2.5.1/maven-compiler-plugin-2.5.1.pom
2018-05-03 14:28:30,889 [Worker-0] INFO  o.e.m.c.i.e.AbstractTransferListenerAdapter - Downloading http://repo.maven.apache.org/maven2/org/codehaus/plexus/plexus-compiler-api/1.9.1/plexus-compiler-api-1.9.1.pom
2018-05-03 14:28:30,932 [Worker-0] INFO  o.e.m.c.i.e.AbstractTransferListenerAdapter - Downloaded http://repo.maven.apache.org/maven2/org/codehaus/plexus/plexus-compiler-api/1.9.1/plexus-compiler-api-1.9.1.pom
2018-05-03 14:28:30,944 [Worker-0] INFO  o.e.m.c.i.e.AbstractTransferListenerAdapter - Downloading http://repo.maven.apache.org/maven2/org/codehaus/plexus/plexus-compiler/1.9.1/plexus-compiler-1.9.1.pom
2018-05-03 14:28:30,969 [Worker-0] INFO  o.e.m.c.i.e.AbstractTransferListenerAdapter - Downloaded http://repo.maven.apache.org/maven2/org/codehaus/plexus/plexus-compiler/1.9.1/plexus-compiler-1.9.1.pom
2018-05-03 14:28:30,981 [Worker-0] INFO  o.e.m.c.i.e.AbstractTransferListenerAdapter - Downloading http://repo.maven.apache.org/maven2/org/codehaus/plexus/plexus-components/1.1.20/plexus-components-1.1.20.pom
2018-05-03 14:28:31,003 [Worker-0] INFO  o.e.m.c.i.e.AbstractTransferListenerAdapter - Downloaded http://repo.maven.apache.org/maven2/org/codehaus/plexus/plexus-components/1.1.20/plexus-components-1.1.20.pom
2018-05-03 14:28:31,017 [Worker-0] INFO  o.e.m.c.i.e.AbstractTransferListenerAdapter - Downloading http://repo.maven.apache.org/maven2/org/codehaus/plexus/plexus/3.1/plexus-3.1.pom
2018-05-03 14:28:31,058 [Worker-0] INFO  o.e.m.c.i.e.AbstractTransferListenerAdapter - Downloaded http://repo.maven.apache.org/maven2/org/codehaus/plexus/plexus/3.1/plexus-3.1.pom
2018-05-03 14:28:31,085 [Worker-0] INFO  o.e.m.c.i.e.AbstractTransferListenerAdapter - Downloading http://repo.maven.apache.org/maven2/org/codehaus/plexus/plexus-compiler-manager/1.9.1/plexus-compiler-manager-1.9.1.pom
2018-05-03 14:28:31,109 [Worker-0] INFO  o.e.m.c.i.e.AbstractTransferListenerAdapter - Downloaded http://repo.maven.apache.org/maven2/org/codehaus/plexus/plexus-compiler-manager/1.9.1/plexus-compiler-manager-1.9.1.pom
2018-05-03 14:28:31,124 [Worker-0] INFO  o.e.m.c.i.e.AbstractTransferListenerAdapter - Downloading http://repo.maven.apache.org/maven2/org/codehaus/plexus/plexus-compiler-javac/1.9.1/plexus-compiler-javac-1.9.1.pom
2018-05-03 14:28:31,145 [Worker-0] INFO  o.e.m.c.i.e.AbstractTransferListenerAdapter - Downloaded http://repo.maven.apache.org/maven2/org/codehaus/plexus/plexus-compiler-javac/1.9.1/plexus-compiler-javac-1.9.1.pom
2018-05-03 14:28:31,157 [Worker-0] INFO  o.e.m.c.i.e.AbstractTransferListenerAdapter - Downloading http://repo.maven.apache.org/maven2/org/codehaus/plexus/plexus-compilers/1.9.1/plexus-compilers-1.9.1.pom
2018-05-03 14:28:31,178 [Worker-0] INFO  o.e.m.c.i.e.AbstractTransferListenerAdapter - Downloaded http://repo.maven.apache.org/maven2/org/codehaus/plexus/plexus-compilers/1.9.1/plexus-compilers-1.9.1.pom
2018-05-03 14:28:31,213 [Worker-0] INFO  o.e.m.c.i.e.AbstractTransferListenerAdapter - Downloading http://repo.maven.apache.org/maven2/org/codehaus/plexus/plexus-compiler-api/1.9.1/plexus-compiler-api-1.9.1.jar
2018-05-03 14:28:31,252 [Worker-0] INFO  o.e.m.c.i.e.AbstractTransferListenerAdapter - Downloaded http://repo.maven.apache.org/maven2/org/codehaus/plexus/plexus-compiler-api/1.9.1/plexus-compiler-api-1.9.1.jar
2018-05-03 14:28:31,256 [Worker-0] INFO  o.e.m.c.i.e.AbstractTransferListenerAdapter - Downloading http://repo.maven.apache.org/maven2/org/codehaus/plexus/plexus-compiler-manager/1.9.1/plexus-compiler-manager-1.9.1.jar
2018-05-03 14:28:31,278 [Worker-0] INFO  o.e.m.c.i.e.AbstractTransferListenerAdapter - Downloaded http://repo.maven.apache.org/maven2/org/codehaus/plexus/plexus-compiler-manager/1.9.1/plexus-compiler-manager-1.9.1.jar
2018-05-03 14:28:31,286 [Worker-0] INFO  o.e.m.c.i.e.AbstractTransferListenerAdapter - Downloading http://repo.maven.apache.org/maven2/org/codehaus/plexus/plexus-compiler-javac/1.9.1/plexus-compiler-javac-1.9.1.jar
2018-05-03 14:28:31,358 [Worker-0] INFO  o.e.m.c.i.e.AbstractTransferListenerAdapter - Downloaded http://repo.maven.apache.org/maven2/org/codehaus/plexus/plexus-compiler-javac/1.9.1/plexus-compiler-javac-1.9.1.jar
2018-05-03 14:28:31,613 [Worker-0] INFO  o.e.m.c.i.l.LifecycleMappingFactory - Using org.eclipse.m2e.jdt.JarLifecycleMapping lifecycle mapping for MavenProject: com.price_recomendation:mave-price_rec:0.0.1-SNAPSHOT @ C:\Users\Dusan\Desktop\KTH-VT18\Craigslist-price-recommendations\MeavenProject\mave-price_rec\pom.xml.
2018-05-03 14:28:31,925 [Worker-0] INFO  o.e.m.j.i.AbstractJavaProjectConfigurator - Adding source folder /mave-price_rec/src/main/java
2018-05-03 14:28:31,927 [Worker-0] INFO  o.e.m.j.i.AbstractJavaProjectConfigurator - Adding resource folder /mave-price_rec/src/main/resources
2018-05-03 14:28:31,928 [Worker-0] INFO  o.e.m.j.i.AbstractJavaProjectConfigurator - Adding source folder /mave-price_rec/src/test/java
2018-05-03 14:28:31,929 [Worker-0] INFO  o.e.m.j.i.AbstractJavaProjectConfigurator - Adding resource folder /mave-price_rec/src/test/resources
2018-05-03 14:28:32,242 [Worker-4] INFO  o.e.m.c.i.l.LifecycleMappingFactory - Using org.eclipse.m2e.jdt.JarLifecycleMapping lifecycle mapping for MavenProject: com.price_recomendation:mave-price_rec:0.0.1-SNAPSHOT @ C:\Users\Dusan\Desktop\KTH-VT18\Craigslist-price-recommendations\MeavenProject\mave-price_rec\pom.xml.
2018-05-03 14:28:33,262 [Worker-3] INFO  o.e.m.c.i.l.LifecycleMappingFactory - Using org.eclipse.m2e.jdt.JarLifecycleMapping lifecycle mapping for MavenProject: com.price_recomendation:mave-price_rec:0.0.1-SNAPSHOT @ C:\Users\Dusan\Desktop\KTH-VT18\Craigslist-price-recommendations\MeavenProject\mave-price_rec\pom.xml.
2018-05-03 14:28:33,315 [Worker-3] WARN  o.e.m.c.i.embedder.EclipseLogger - Using platform encoding (Cp1252 actually) to copy filtered resources, i.e. build is platform dependent!
2018-05-03 14:28:33,324 [Worker-3] INFO  o.e.m.c.i.embedder.EclipseLogger - Copying 0 resource
2018-05-03 14:28:33,326 [Worker-3] WARN  o.e.m.c.i.embedder.EclipseLogger - Using platform encoding (Cp1252 actually) to copy filtered resources, i.e. build is platform dependent!
2018-05-03 14:28:33,327 [Worker-3] INFO  o.e.m.c.i.embedder.EclipseLogger - Copying 0 resource
2018-05-03 14:34:50,060 [Worker-2] INFO  o.e.m.c.i.l.LifecycleMappingFactory - Using org.eclipse.m2e.jdt.JarLifecycleMapping lifecycle mapping for MavenProject: com.price_recomendation:mave-price_rec:0.0.1-SNAPSHOT @ C:\Users\Dusan\Desktop\KTH-VT18\Craigslist-price-recommendations\MeavenProject\mave-price_rec\pom.xml.
2018-05-03 14:34:50,857 [Worker-2] INFO  o.e.m.c.i.e.AbstractTransferListenerAdapter - Downloading http://repo.maven.apache.org/maven2/org/elasticsearch/client/transport/6.2.4/transport-6.2.4.pom
2018-05-03 14:34:51,007 [Worker-2] INFO  o.e.m.c.i.e.AbstractTransferListenerAdapter - Downloaded http://repo.maven.apache.org/maven2/org/elasticsearch/client/transport/6.2.4/transport-6.2.4.pom
2018-05-03 14:34:51,039 [Worker-2] INFO  o.e.m.c.i.e.AbstractTransferListenerAdapter - Downloading http://repo.maven.apache.org/maven2/org/elasticsearch/elasticsearch/6.2.4/elasticsearch-6.2.4.pom
2018-05-03 14:34:51,260 [Worker-2] INFO  o.e.m.c.i.e.AbstractTransferListenerAdapter - Downloaded http://repo.maven.apache.org/maven2/org/elasticsearch/elasticsearch/6.2.4/elasticsearch-6.2.4.pom
2018-05-03 14:34:51,276 [Worker-2] INFO  o.e.m.c.i.e.AbstractTransferListenerAdapter - Downloading http://repo.maven.apache.org/maven2/org/elasticsearch/elasticsearch-core/6.2.4/elasticsearch-core-6.2.4.pom
2018-05-03 14:34:51,423 [Worker-2] INFO  o.e.m.c.i.e.AbstractTransferListenerAdapter - Downloaded http://repo.maven.apache.org/maven2/org/elasticsearch/elasticsearch-core/6.2.4/elasticsearch-core-6.2.4.pom
2018-05-03 14:34:51,458 [Worker-2] INFO  o.e.m.c.i.e.AbstractTransferListenerAdapter - Downloading http://repo.maven.apache.org/maven2/org/apache/logging/log4j/log4j-api/2.9.1/log4j-api-2.9.1.pom
2018-05-03 14:34:51,523 [Worker-2] INFO  o.e.m.c.i.e.AbstractTransferListenerAdapter - Downloaded http://repo.maven.apache.org/maven2/org/apache/logging/log4j/log4j-api/2.9.1/log4j-api-2.9.1.pom
2018-05-03 14:34:51,560 [Worker-2] INFO  o.e.m.c.i.e.AbstractTransferListenerAdapter - Downloading http://repo.maven.apache.org/maven2/org/apache/logging/log4j/log4j/2.9.1/log4j-2.9.1.pom
2018-05-03 14:34:52,506 [Worker-2] INFO  o.e.m.c.i.e.AbstractTransferListenerAdapter - Downloaded http://repo.maven.apache.org/maven2/org/apache/logging/log4j/log4j/2.9.1/log4j-2.9.1.pom
2018-05-03 14:34:52,522 [Worker-2] INFO  o.e.m.c.i.e.AbstractTransferListenerAdapter - Downloading http://repo.maven.apache.org/maven2/org/apache/logging/logging-parent/1/logging-parent-1.pom
2018-05-03 14:34:52,622 [Worker-2] INFO  o.e.m.c.i.e.AbstractTransferListenerAdapter - Downloaded http://repo.maven.apache.org/maven2/org/apache/logging/logging-parent/1/logging-parent-1.pom
2018-05-03 14:34:52,638 [Worker-2] INFO  o.e.m.c.i.e.AbstractTransferListenerAdapter - Downloading http://repo.maven.apache.org/maven2/org/apache/apache/18/apache-18.pom
2018-05-03 14:34:52,975 [Worker-2] INFO  o.e.m.c.i.e.AbstractTransferListenerAdapter - Downloaded http://repo.maven.apache.org/maven2/org/apache/apache/18/apache-18.pom
2018-05-03 14:34:53,007 [Worker-2] INFO  o.e.m.c.i.e.AbstractTransferListenerAdapter - Downloading http://repo.maven.apache.org/maven2/org/apache/lucene/lucene-core/7.2.1/lucene-core-7.2.1.pom
2018-05-03 14:34:53,176 [Worker-2] INFO  o.e.m.c.i.e.AbstractTransferListenerAdapter - Downloaded http://repo.maven.apache.org/maven2/org/apache/lucene/lucene-core/7.2.1/lucene-core-7.2.1.pom
2018-05-03 14:34:53,191 [Worker-2] INFO  o.e.m.c.i.e.AbstractTransferListenerAdapter - Downloading http://repo.maven.apache.org/maven2/org/apache/lucene/lucene-parent/7.2.1/lucene-parent-7.2.1.pom
2018-05-03 14:34:53,360 [Worker-2] INFO  o.e.m.c.i.e.AbstractTransferListenerAdapter - Downloaded http://repo.maven.apache.org/maven2/org/apache/lucene/lucene-parent/7.2.1/lucene-parent-7.2.1.pom
2018-05-03 14:34:53,391 [Worker-2] INFO  o.e.m.c.i.e.AbstractTransferListenerAdapter - Downloading http://repo.maven.apache.org/maven2/org/apache/lucene/lucene-solr-grandparent/7.2.1/lucene-solr-grandparent-7.2.1.pom
2018-05-03 14:34:55,662 [Worker-2] INFO  o.e.m.c.i.e.AbstractTransferListenerAdapter - Downloaded http://repo.maven.apache.org/maven2/org/apache/lucene/lucene-solr-grandparent/7.2.1/lucene-solr-grandparent-7.2.1.pom
2018-05-03 14:34:55,694 [Worker-2] INFO  o.e.m.c.i.e.AbstractTransferListenerAdapter - Downloading http://repo.maven.apache.org/maven2/org/apache/lucene/lucene-analyzers-common/7.2.1/lucene-analyzers-common-7.2.1.pom
2018-05-03 14:34:55,840 [Worker-2] INFO  o.e.m.c.i.e.AbstractTransferListenerAdapter - Downloaded http://repo.maven.apache.org/maven2/org/apache/lucene/lucene-analyzers-common/7.2.1/lucene-analyzers-common-7.2.1.pom
2018-05-03 14:34:55,878 [Worker-2] INFO  o.e.m.c.i.e.AbstractTransferListenerAdapter - Downloading http://repo.maven.apache.org/maven2/org/apache/lucene/lucene-backward-codecs/7.2.1/lucene-backward-codecs-7.2.1.pom
2018-05-03 14:34:56,009 [Worker-2] INFO  o.e.m.c.i.e.AbstractTransferListenerAdapter - Downloaded http://repo.maven.apache.org/maven2/org/apache/lucene/lucene-backward-codecs/7.2.1/lucene-backward-codecs-7.2.1.pom
2018-05-03 14:34:56,062 [Worker-2] INFO  o.e.m.c.i.e.AbstractTransferListenerAdapter - Downloading http://repo.maven.apache.org/maven2/org/apache/lucene/lucene-grouping/7.2.1/lucene-grouping-7.2.1.pom
2018-05-03 14:34:56,262 [Worker-2] INFO  o.e.m.c.i.e.AbstractTransferListenerAdapter - Downloaded http://repo.maven.apache.org/maven2/org/apache/lucene/lucene-grouping/7.2.1/lucene-grouping-7.2.1.pom
2018-05-03 14:34:56,294 [Worker-2] INFO  o.e.m.c.i.e.AbstractTransferListenerAdapter - Downloading http://repo.maven.apache.org/maven2/org/apache/lucene/lucene-highlighter/7.2.1/lucene-highlighter-7.2.1.pom
2018-05-03 14:34:56,440 [Worker-2] INFO  o.e.m.c.i.e.AbstractTransferListenerAdapter - Downloaded http://repo.maven.apache.org/maven2/org/apache/lucene/lucene-highlighter/7.2.1/lucene-highlighter-7.2.1.pom
2018-05-03 14:34:56,478 [Worker-2] INFO  o.e.m.c.i.e.AbstractTransferListenerAdapter - Downloading http://repo.maven.apache.org/maven2/org/apache/lucene/lucene-join/7.2.1/lucene-join-7.2.1.pom
2018-05-03 14:34:56,662 [Worker-2] INFO  o.e.m.c.i.e.AbstractTransferListenerAdapter - Downloaded http://repo.maven.apache.org/maven2/org/apache/lucene/lucene-join/7.2.1/lucene-join-7.2.1.pom
2018-05-03 14:34:56,878 [Worker-2] INFO  o.e.m.c.i.e.AbstractTransferListenerAdapter - Downloading http://repo.maven.apache.org/maven2/org/apache/lucene/lucene-memory/7.2.1/lucene-memory-7.2.1.pom
2018-05-03 14:34:57,008 [Worker-2] INFO  o.e.m.c.i.e.AbstractTransferListenerAdapter - Downloaded http://repo.maven.apache.org/maven2/org/apache/lucene/lucene-memory/7.2.1/lucene-memory-7.2.1.pom
2018-05-03 14:34:57,061 [Worker-2] INFO  o.e.m.c.i.e.AbstractTransferListenerAdapter - Downloading http://repo.maven.apache.org/maven2/org/apache/lucene/lucene-misc/7.2.1/lucene-misc-7.2.1.pom
2018-05-03 14:34:57,240 [Worker-2] INFO  o.e.m.c.i.e.AbstractTransferListenerAdapter - Downloaded http://repo.maven.apache.org/maven2/org/apache/lucene/lucene-misc/7.2.1/lucene-misc-7.2.1.pom
2018-05-03 14:34:57,262 [Worker-2] INFO  o.e.m.c.i.e.AbstractTransferListenerAdapter - Downloading http://repo.maven.apache.org/maven2/org/apache/lucene/lucene-queries/7.2.1/lucene-queries-7.2.1.pom
2018-05-03 14:34:57,401 [Worker-2] INFO  o.e.m.c.i.e.AbstractTransferListenerAdapter - Downloaded http://repo.maven.apache.org/maven2/org/apache/lucene/lucene-queries/7.2.1/lucene-queries-7.2.1.pom
2018-05-03 14:34:57,486 [Worker-2] INFO  o.e.m.c.i.e.AbstractTransferListenerAdapter - Downloading http://repo.maven.apache.org/maven2/org/apache/lucene/lucene-queryparser/7.2.1/lucene-queryparser-7.2.1.pom
2018-05-03 14:34:57,650 [Worker-2] INFO  o.e.m.c.i.e.AbstractTransferListenerAdapter - Downloaded http://repo.maven.apache.org/maven2/org/apache/lucene/lucene-queryparser/7.2.1/lucene-queryparser-7.2.1.pom
2018-05-03 14:34:57,671 [Worker-2] INFO  o.e.m.c.i.e.AbstractTransferListenerAdapter - Downloading http://repo.maven.apache.org/maven2/org/apache/lucene/lucene-sandbox/7.2.1/lucene-sandbox-7.2.1.pom
2018-05-03 14:34:58,208 [Worker-2] INFO  o.e.m.c.i.e.AbstractTransferListenerAdapter - Downloaded http://repo.maven.apache.org/maven2/org/apache/lucene/lucene-sandbox/7.2.1/lucene-sandbox-7.2.1.pom
2018-05-03 14:34:58,224 [Worker-2] INFO  o.e.m.c.i.e.AbstractTransferListenerAdapter - Downloading http://repo.maven.apache.org/maven2/org/apache/lucene/lucene-spatial/7.2.1/lucene-spatial-7.2.1.pom
2018-05-03 14:34:58,355 [Worker-2] INFO  o.e.m.c.i.e.AbstractTransferListenerAdapter - Downloaded http://repo.maven.apache.org/maven2/org/apache/lucene/lucene-spatial/7.2.1/lucene-spatial-7.2.1.pom
2018-05-03 14:34:58,408 [Worker-2] INFO  o.e.m.c.i.e.AbstractTransferListenerAdapter - Downloading http://repo.maven.apache.org/maven2/org/apache/lucene/lucene-spatial-extras/7.2.1/lucene-spatial-extras-7.2.1.pom
2018-05-03 14:34:58,555 [Worker-2] INFO  o.e.m.c.i.e.AbstractTransferListenerAdapter - Downloaded http://repo.maven.apache.org/maven2/org/apache/lucene/lucene-spatial-extras/7.2.1/lucene-spatial-extras-7.2.1.pom
2018-05-03 14:34:58,571 [Worker-2] INFO  o.e.m.c.i.e.AbstractTransferListenerAdapter - Downloading http://repo.maven.apache.org/maven2/org/apache/lucene/lucene-spatial3d/7.2.1/lucene-spatial3d-7.2.1.pom
2018-05-03 14:34:58,739 [Worker-2] INFO  o.e.m.c.i.e.AbstractTransferListenerAdapter - Downloaded http://repo.maven.apache.org/maven2/org/apache/lucene/lucene-spatial3d/7.2.1/lucene-spatial3d-7.2.1.pom
2018-05-03 14:34:58,771 [Worker-2] INFO  o.e.m.c.i.e.AbstractTransferListenerAdapter - Downloading http://repo.maven.apache.org/maven2/org/apache/lucene/lucene-suggest/7.2.1/lucene-suggest-7.2.1.pom
2018-05-03 14:34:58,940 [Worker-2] INFO  o.e.m.c.i.e.AbstractTransferListenerAdapter - Downloaded http://repo.maven.apache.org/maven2/org/apache/lucene/lucene-suggest/7.2.1/lucene-suggest-7.2.1.pom
2018-05-03 14:34:58,955 [Worker-2] INFO  o.e.m.c.i.e.AbstractTransferListenerAdapter - Downloading http://repo.maven.apache.org/maven2/org/elasticsearch/securesm/1.2/securesm-1.2.pom
2018-05-03 14:34:58,993 [Worker-2] INFO  o.e.m.c.i.e.AbstractTransferListenerAdapter - Downloaded http://repo.maven.apache.org/maven2/org/elasticsearch/securesm/1.2/securesm-1.2.pom
2018-05-03 14:34:59,024 [Worker-2] INFO  o.e.m.c.i.e.AbstractTransferListenerAdapter - Downloading http://repo.maven.apache.org/maven2/org/elasticsearch/elasticsearch-cli/6.2.4/elasticsearch-cli-6.2.4.pom
2018-05-03 14:34:59,156 [Worker-2] INFO  o.e.m.c.i.e.AbstractTransferListenerAdapter - Downloaded http://repo.maven.apache.org/maven2/org/elasticsearch/elasticsearch-cli/6.2.4/elasticsearch-cli-6.2.4.pom
2018-05-03 14:34:59,171 [Worker-2] INFO  o.e.m.c.i.e.AbstractTransferListenerAdapter - Downloading http://repo.maven.apache.org/maven2/net/sf/jopt-simple/jopt-simple/5.0.2/jopt-simple-5.0.2.pom
2018-05-03 14:34:59,324 [Worker-2] INFO  o.e.m.c.i.e.AbstractTransferListenerAdapter - Downloaded http://repo.maven.apache.org/maven2/net/sf/jopt-simple/jopt-simple/5.0.2/jopt-simple-5.0.2.pom
2018-05-03 14:34:59,340 [Worker-2] INFO  o.e.m.c.i.e.AbstractTransferListenerAdapter - Downloading http://repo.maven.apache.org/maven2/com/carrotsearch/hppc/0.7.1/hppc-0.7.1.pom
2018-05-03 14:34:59,493 [Worker-2] INFO  o.e.m.c.i.e.AbstractTransferListenerAdapter - Downloaded http://repo.maven.apache.org/maven2/com/carrotsearch/hppc/0.7.1/hppc-0.7.1.pom
2018-05-03 14:34:59,509 [Worker-2] INFO  o.e.m.c.i.e.AbstractTransferListenerAdapter - Downloading http://repo.maven.apache.org/maven2/com/carrotsearch/hppc-parent/0.7.1/hppc-parent-0.7.1.pom
2018-05-03 14:34:59,724 [Worker-2] INFO  o.e.m.c.i.e.AbstractTransferListenerAdapter - Downloaded http://repo.maven.apache.org/maven2/com/carrotsearch/hppc-parent/0.7.1/hppc-parent-0.7.1.pom
2018-05-03 14:34:59,739 [Worker-2] INFO  o.e.m.c.i.e.AbstractTransferListenerAdapter - Downloading http://repo.maven.apache.org/maven2/org/sonatype/oss/oss-parent/9/oss-parent-9.pom
2018-05-03 14:34:59,890 [Worker-2] INFO  o.e.m.c.i.e.AbstractTransferListenerAdapter - Downloaded http://repo.maven.apache.org/maven2/org/sonatype/oss/oss-parent/9/oss-parent-9.pom
2018-05-03 14:34:59,908 [Worker-2] INFO  o.e.m.c.i.e.AbstractTransferListenerAdapter - Downloading http://repo.maven.apache.org/maven2/joda-time/joda-time/2.9.9/joda-time-2.9.9.pom
2018-05-03 14:35:00,124 [Worker-2] INFO  o.e.m.c.i.e.AbstractTransferListenerAdapter - Downloaded http://repo.maven.apache.org/maven2/joda-time/joda-time/2.9.9/joda-time-2.9.9.pom
2018-05-03 14:35:00,139 [Worker-2] INFO  o.e.m.c.i.e.AbstractTransferListenerAdapter - Downloading http://repo.maven.apache.org/maven2/org/yaml/snakeyaml/1.17/snakeyaml-1.17.pom
2018-05-03 14:35:00,324 [Worker-2] INFO  o.e.m.c.i.e.AbstractTransferListenerAdapter - Downloaded http://repo.maven.apache.org/maven2/org/yaml/snakeyaml/1.17/snakeyaml-1.17.pom
2018-05-03 14:35:00,355 [Worker-2] INFO  o.e.m.c.i.e.AbstractTransferListenerAdapter - Downloading http://repo.maven.apache.org/maven2/com/fasterxml/jackson/core/jackson-core/2.8.10/jackson-core-2.8.10.pom
2018-05-03 14:35:00,392 [Worker-2] INFO  o.e.m.c.i.e.AbstractTransferListenerAdapter - Downloaded http://repo.maven.apache.org/maven2/com/fasterxml/jackson/core/jackson-core/2.8.10/jackson-core-2.8.10.pom
2018-05-03 14:35:00,424 [Worker-2] INFO  o.e.m.c.i.e.AbstractTransferListenerAdapter - Downloading http://repo.maven.apache.org/maven2/com/fasterxml/jackson/jackson-parent/2.8/jackson-parent-2.8.pom
2018-05-03 14:35:00,508 [Worker-2] INFO  o.e.m.c.i.e.AbstractTransferListenerAdapter - Downloaded http://repo.maven.apache.org/maven2/com/fasterxml/jackson/jackson-parent/2.8/jackson-parent-2.8.pom
2018-05-03 14:35:00,555 [Worker-2] INFO  o.e.m.c.i.e.AbstractTransferListenerAdapter - Downloading http://repo.maven.apache.org/maven2/com/fasterxml/oss-parent/27/oss-parent-27.pom
2018-05-03 14:35:00,639 [Worker-2] INFO  o.e.m.c.i.e.AbstractTransferListenerAdapter - Downloaded http://repo.maven.apache.org/maven2/com/fasterxml/oss-parent/27/oss-parent-27.pom
2018-05-03 14:35:00,670 [Worker-2] INFO  o.e.m.c.i.e.AbstractTransferListenerAdapter - Downloading http://repo.maven.apache.org/maven2/com/fasterxml/jackson/dataformat/jackson-dataformat-smile/2.8.10/jackson-dataformat-smile-2.8.10.pom
2018-05-03 14:35:00,839 [Worker-2] INFO  o.e.m.c.i.e.AbstractTransferListenerAdapter - Downloaded http://repo.maven.apache.org/maven2/com/fasterxml/jackson/dataformat/jackson-dataformat-smile/2.8.10/jackson-dataformat-smile-2.8.10.pom
2018-05-03 14:35:00,870 [Worker-2] INFO  o.e.m.c.i.e.AbstractTransferListenerAdapter - Downloading http://repo.maven.apache.org/maven2/com/fasterxml/jackson/dataformat/jackson-dataformats-binary/2.8.10/jackson-dataformats-binary-2.8.10.pom
2018-05-03 14:35:00,992 [Worker-2] INFO  o.e.m.c.i.e.AbstractTransferListenerAdapter - Downloaded http://repo.maven.apache.org/maven2/com/fasterxml/jackson/dataformat/jackson-dataformats-binary/2.8.10/jackson-dataformats-binary-2.8.10.pom
2018-05-03 14:35:01,023 [Worker-2] INFO  o.e.m.c.i.e.AbstractTransferListenerAdapter - Downloading http://repo.maven.apache.org/maven2/com/fasterxml/jackson/dataformat/jackson-dataformat-yaml/2.8.10/jackson-dataformat-yaml-2.8.10.pom
2018-05-03 14:35:01,186 [Worker-2] INFO  o.e.m.c.i.e.AbstractTransferListenerAdapter - Downloaded http://repo.maven.apache.org/maven2/com/fasterxml/jackson/dataformat/jackson-dataformat-yaml/2.8.10/jackson-dataformat-yaml-2.8.10.pom
2018-05-03 14:35:01,192 [Worker-2] INFO  o.e.m.c.i.e.AbstractTransferListenerAdapter - Downloading http://repo.maven.apache.org/maven2/com/fasterxml/jackson/dataformat/jackson-dataformat-cbor/2.8.10/jackson-dataformat-cbor-2.8.10.pom
2018-05-03 14:35:01,223 [Worker-2] INFO  o.e.m.c.i.e.AbstractTransferListenerAdapter - Downloaded http://repo.maven.apache.org/maven2/com/fasterxml/jackson/dataformat/jackson-dataformat-cbor/2.8.10/jackson-dataformat-cbor-2.8.10.pom
2018-05-03 14:35:01,239 [Worker-2] INFO  o.e.m.c.i.e.AbstractTransferListenerAdapter - Downloading http://repo.maven.apache.org/maven2/com/tdunning/t-digest/3.0/t-digest-3.0.pom
2018-05-03 14:35:01,401 [Worker-2] INFO  o.e.m.c.i.e.AbstractTransferListenerAdapter - Downloaded http://repo.maven.apache.org/maven2/com/tdunning/t-digest/3.0/t-digest-3.0.pom
2018-05-03 14:35:01,417 [Worker-2] INFO  o.e.m.c.i.e.AbstractTransferListenerAdapter - Downloading http://repo.maven.apache.org/maven2/org/hdrhistogram/HdrHistogram/2.1.9/HdrHistogram-2.1.9.pom
2018-05-03 14:35:01,492 [Worker-2] INFO  o.e.m.c.i.e.AbstractTransferListenerAdapter - Downloaded http://repo.maven.apache.org/maven2/org/hdrhistogram/HdrHistogram/2.1.9/HdrHistogram-2.1.9.pom
2018-05-03 14:35:01,511 [Worker-2] INFO  o.e.m.c.i.e.AbstractTransferListenerAdapter - Downloading http://repo.maven.apache.org/maven2/org/elasticsearch/jna/4.5.1/jna-4.5.1.pom
2018-05-03 14:35:01,714 [Worker-2] INFO  o.e.m.c.i.e.AbstractTransferListenerAdapter - Downloaded http://repo.maven.apache.org/maven2/org/elasticsearch/jna/4.5.1/jna-4.5.1.pom
2018-05-03 14:35:01,730 [Worker-2] INFO  o.e.m.c.i.e.AbstractTransferListenerAdapter - Downloading http://repo.maven.apache.org/maven2/org/elasticsearch/plugin/transport-netty4-client/6.2.4/transport-netty4-client-6.2.4.pom
2018-05-03 14:35:01,884 [Worker-2] INFO  o.e.m.c.i.e.AbstractTransferListenerAdapter - Downloaded http://repo.maven.apache.org/maven2/org/elasticsearch/plugin/transport-netty4-client/6.2.4/transport-netty4-client-6.2.4.pom
2018-05-03 14:35:01,931 [Worker-2] INFO  o.e.m.c.i.e.AbstractTransferListenerAdapter - Downloading http://repo.maven.apache.org/maven2/io/netty/netty-buffer/4.1.16.Final/netty-buffer-4.1.16.Final.pom
2018-05-03 14:35:01,984 [Worker-2] INFO  o.e.m.c.i.e.AbstractTransferListenerAdapter - Downloaded http://repo.maven.apache.org/maven2/io/netty/netty-buffer/4.1.16.Final/netty-buffer-4.1.16.Final.pom
2018-05-03 14:35:02,000 [Worker-2] INFO  o.e.m.c.i.e.AbstractTransferListenerAdapter - Downloading http://repo.maven.apache.org/maven2/io/netty/netty-parent/4.1.16.Final/netty-parent-4.1.16.Final.pom
2018-05-03 14:35:02,448 [Worker-2] INFO  o.e.m.c.i.e.AbstractTransferListenerAdapter - Downloaded http://repo.maven.apache.org/maven2/io/netty/netty-parent/4.1.16.Final/netty-parent-4.1.16.Final.pom
2018-05-03 14:35:02,452 [Worker-2] INFO  o.e.m.c.i.e.AbstractTransferListenerAdapter - Downloading http://repo.maven.apache.org/maven2/io/netty/netty-codec/4.1.16.Final/netty-codec-4.1.16.Final.pom
2018-05-03 14:35:02,500 [Worker-2] INFO  o.e.m.c.i.e.AbstractTransferListenerAdapter - Downloaded http://repo.maven.apache.org/maven2/io/netty/netty-codec/4.1.16.Final/netty-codec-4.1.16.Final.pom
2018-05-03 14:35:02,515 [Worker-2] INFO  o.e.m.c.i.e.AbstractTransferListenerAdapter - Downloading http://repo.maven.apache.org/maven2/io/netty/netty-codec-http/4.1.16.Final/netty-codec-http-4.1.16.Final.pom
2018-05-03 14:35:02,716 [Worker-2] INFO  o.e.m.c.i.e.AbstractTransferListenerAdapter - Downloaded http://repo.maven.apache.org/maven2/io/netty/netty-codec-http/4.1.16.Final/netty-codec-http-4.1.16.Final.pom
2018-05-03 14:35:02,748 [Worker-2] INFO  o.e.m.c.i.e.AbstractTransferListenerAdapter - Downloading http://repo.maven.apache.org/maven2/io/netty/netty-common/4.1.16.Final/netty-common-4.1.16.Final.pom
2018-05-03 14:35:03,603 [Worker-2] INFO  o.e.m.c.i.e.AbstractTransferListenerAdapter - Downloaded http://repo.maven.apache.org/maven2/io/netty/netty-common/4.1.16.Final/netty-common-4.1.16.Final.pom
2018-05-03 14:35:03,634 [Worker-2] INFO  o.e.m.c.i.e.AbstractTransferListenerAdapter - Downloading http://repo.maven.apache.org/maven2/io/netty/netty-handler/4.1.16.Final/netty-handler-4.1.16.Final.pom
2018-05-03 14:35:03,850 [Worker-2] INFO  o.e.m.c.i.e.AbstractTransferListenerAdapter - Downloaded http://repo.maven.apache.org/maven2/io/netty/netty-handler/4.1.16.Final/netty-handler-4.1.16.Final.pom
2018-05-03 14:35:03,865 [Worker-2] INFO  o.e.m.c.i.e.AbstractTransferListenerAdapter - Downloading http://repo.maven.apache.org/maven2/io/netty/netty-resolver/4.1.16.Final/netty-resolver-4.1.16.Final.pom
2018-05-03 14:35:04,018 [Worker-2] INFO  o.e.m.c.i.e.AbstractTransferListenerAdapter - Downloaded http://repo.maven.apache.org/maven2/io/netty/netty-resolver/4.1.16.Final/netty-resolver-4.1.16.Final.pom
2018-05-03 14:35:04,049 [Worker-2] INFO  o.e.m.c.i.e.AbstractTransferListenerAdapter - Downloading http://repo.maven.apache.org/maven2/io/netty/netty-transport/4.1.16.Final/netty-transport-4.1.16.Final.pom
2018-05-03 14:35:04,402 [Worker-2] INFO  o.e.m.c.i.e.AbstractTransferListenerAdapter - Downloaded http://repo.maven.apache.org/maven2/io/netty/netty-transport/4.1.16.Final/netty-transport-4.1.16.Final.pom
2018-05-03 14:35:04,449 [Worker-2] INFO  o.e.m.c.i.e.AbstractTransferListenerAdapter - Downloading http://repo.maven.apache.org/maven2/org/locationtech/spatial4j/spatial4j/0.6/spatial4j-0.6.pom
2018-05-03 14:35:04,649 [Worker-2] INFO  o.e.m.c.i.e.AbstractTransferListenerAdapter - Downloaded http://repo.maven.apache.org/maven2/org/locationtech/spatial4j/spatial4j/0.6/spatial4j-0.6.pom
2018-05-03 14:35:04,718 [Worker-2] INFO  o.e.m.c.i.e.AbstractTransferListenerAdapter - Downloading http://repo.maven.apache.org/maven2/com/vividsolutions/jts/1.13/jts-1.13.pom
2018-05-03 14:35:04,780 [Worker-2] INFO  o.e.m.c.i.e.AbstractTransferListenerAdapter - Downloaded http://repo.maven.apache.org/maven2/com/vividsolutions/jts/1.13/jts-1.13.pom
2018-05-03 14:35:04,802 [Worker-2] INFO  o.e.m.c.i.e.AbstractTransferListenerAdapter - Downloading http://repo.maven.apache.org/maven2/org/apache/logging/log4j/log4j-core/2.9.1/log4j-core-2.9.1.pom
2018-05-03 14:35:05,064 [Worker-2] INFO  o.e.m.c.i.e.AbstractTransferListenerAdapter - Downloaded http://repo.maven.apache.org/maven2/org/apache/logging/log4j/log4j-core/2.9.1/log4j-core-2.9.1.pom
2018-05-03 14:35:05,080 [Worker-2] INFO  o.e.m.c.i.e.AbstractTransferListenerAdapter - Downloading http://repo.maven.apache.org/maven2/org/elasticsearch/plugin/reindex-client/6.2.4/reindex-client-6.2.4.pom
2018-05-03 14:35:05,233 [Worker-2] INFO  o.e.m.c.i.e.AbstractTransferListenerAdapter - Downloaded http://repo.maven.apache.org/maven2/org/elasticsearch/plugin/reindex-client/6.2.4/reindex-client-6.2.4.pom
2018-05-03 14:35:05,280 [Worker-2] INFO  o.e.m.c.i.e.AbstractTransferListenerAdapter - Downloading http://repo.maven.apache.org/maven2/org/elasticsearch/client/elasticsearch-rest-client/6.2.4/elasticsearch-rest-client-6.2.4.pom
2018-05-03 14:35:05,417 [Worker-2] INFO  o.e.m.c.i.e.AbstractTransferListenerAdapter - Downloaded http://repo.maven.apache.org/maven2/org/elasticsearch/client/elasticsearch-rest-client/6.2.4/elasticsearch-rest-client-6.2.4.pom
2018-05-03 14:35:05,433 [Worker-2] INFO  o.e.m.c.i.e.AbstractTransferListenerAdapter - Downloading http://repo.maven.apache.org/maven2/org/apache/httpcomponents/httpclient/4.5.2/httpclient-4.5.2.pom
2018-05-03 14:35:05,480 [Worker-2] INFO  o.e.m.c.i.e.AbstractTransferListenerAdapter - Downloaded http://repo.maven.apache.org/maven2/org/apache/httpcomponents/httpclient/4.5.2/httpclient-4.5.2.pom
2018-05-03 14:35:05,501 [Worker-2] INFO  o.e.m.c.i.e.AbstractTransferListenerAdapter - Downloading http://repo.maven.apache.org/maven2/org/apache/httpcomponents/httpcomponents-client/4.5.2/httpcomponents-client-4.5.2.pom
2018-05-03 14:35:05,780 [Worker-2] INFO  o.e.m.c.i.e.AbstractTransferListenerAdapter - Downloaded http://repo.maven.apache.org/maven2/org/apache/httpcomponents/httpcomponents-client/4.5.2/httpcomponents-client-4.5.2.pom
2018-05-03 14:35:05,801 [Worker-2] INFO  o.e.m.c.i.e.AbstractTransferListenerAdapter - Downloading http://repo.maven.apache.org/maven2/org/apache/httpcomponents/project/7/project-7.pom
2018-05-03 14:35:05,949 [Worker-2] INFO  o.e.m.c.i.e.AbstractTransferListenerAdapter - Downloaded http://repo.maven.apache.org/maven2/org/apache/httpcomponents/project/7/project-7.pom
2018-05-03 14:35:05,964 [Worker-2] INFO  o.e.m.c.i.e.AbstractTransferListenerAdapter - Downloading http://repo.maven.apache.org/maven2/org/apache/httpcomponents/httpcore/4.4.5/httpcore-4.4.5.pom
2018-05-03 14:35:06,018 [Worker-2] INFO  o.e.m.c.i.e.AbstractTransferListenerAdapter - Downloaded http://repo.maven.apache.org/maven2/org/apache/httpcomponents/httpcore/4.4.5/httpcore-4.4.5.pom
2018-05-03 14:35:06,033 [Worker-2] INFO  o.e.m.c.i.e.AbstractTransferListenerAdapter - Downloading http://repo.maven.apache.org/maven2/org/apache/httpcomponents/httpcomponents-core/4.4.5/httpcomponents-core-4.4.5.pom
2018-05-03 14:35:06,080 [Worker-2] INFO  o.e.m.c.i.e.AbstractTransferListenerAdapter - Downloaded http://repo.maven.apache.org/maven2/org/apache/httpcomponents/httpcomponents-core/4.4.5/httpcomponents-core-4.4.5.pom
2018-05-03 14:35:06,102 [Worker-2] INFO  o.e.m.c.i.e.AbstractTransferListenerAdapter - Downloading http://repo.maven.apache.org/maven2/org/apache/httpcomponents/httpasyncclient/4.1.2/httpasyncclient-4.1.2.pom
2018-05-03 14:35:06,280 [Worker-2] INFO  o.e.m.c.i.e.AbstractTransferListenerAdapter - Downloaded http://repo.maven.apache.org/maven2/org/apache/httpcomponents/httpasyncclient/4.1.2/httpasyncclient-4.1.2.pom
2018-05-03 14:35:06,301 [Worker-2] INFO  o.e.m.c.i.e.AbstractTransferListenerAdapter - Downloading http://repo.maven.apache.org/maven2/org/apache/httpcomponents/httpcomponents-asyncclient/4.1.2/httpcomponents-asyncclient-4.1.2.pom
2018-05-03 14:35:06,935 [Worker-2] INFO  o.e.m.c.i.e.AbstractTransferListenerAdapter - Downloaded http://repo.maven.apache.org/maven2/org/apache/httpcomponents/httpcomponents-asyncclient/4.1.2/httpcomponents-asyncclient-4.1.2.pom
2018-05-03 14:35:07,082 [Worker-2] INFO  o.e.m.c.i.e.AbstractTransferListenerAdapter - Downloading http://repo.maven.apache.org/maven2/org/apache/httpcomponents/httpcore-nio/4.4.5/httpcore-nio-4.4.5.pom
2018-05-03 14:35:07,135 [Worker-2] INFO  o.e.m.c.i.e.AbstractTransferListenerAdapter - Downloaded http://repo.maven.apache.org/maven2/org/apache/httpcomponents/httpcore-nio/4.4.5/httpcore-nio-4.4.5.pom
2018-05-03 14:35:07,150 [Worker-2] INFO  o.e.m.c.i.e.AbstractTransferListenerAdapter - Downloading http://repo.maven.apache.org/maven2/commons-codec/commons-codec/1.10/commons-codec-1.10.pom
2018-05-03 14:35:07,236 [Worker-2] INFO  o.e.m.c.i.e.AbstractTransferListenerAdapter - Downloaded http://repo.maven.apache.org/maven2/commons-codec/commons-codec/1.10/commons-codec-1.10.pom
2018-05-03 14:35:07,236 [Worker-2] INFO  o.e.m.c.i.e.AbstractTransferListenerAdapter - Downloading http://repo.maven.apache.org/maven2/org/apache/commons/commons-parent/35/commons-parent-35.pom
2018-05-03 14:35:09,563 [Worker-2] INFO  o.e.m.c.i.e.AbstractTransferListenerAdapter - Downloaded http://repo.maven.apache.org/maven2/org/apache/commons/commons-parent/35/commons-parent-35.pom
2018-05-03 14:35:09,648 [Worker-2] INFO  o.e.m.c.i.e.AbstractTransferListenerAdapter - Downloading http://repo.maven.apache.org/maven2/org/apache/apache/15/apache-15.pom
2018-05-03 14:35:09,848 [Worker-2] INFO  o.e.m.c.i.e.AbstractTransferListenerAdapter - Downloaded http://repo.maven.apache.org/maven2/org/apache/apache/15/apache-15.pom
2018-05-03 14:35:09,880 [Worker-2] INFO  o.e.m.c.i.e.AbstractTransferListenerAdapter - Downloading http://repo.maven.apache.org/maven2/commons-logging/commons-logging/1.1.3/commons-logging-1.1.3.pom
2018-05-03 14:35:10,047 [Worker-2] INFO  o.e.m.c.i.e.AbstractTransferListenerAdapter - Downloaded http://repo.maven.apache.org/maven2/commons-logging/commons-logging/1.1.3/commons-logging-1.1.3.pom
2018-05-03 14:35:10,078 [Worker-2] INFO  o.e.m.c.i.e.AbstractTransferListenerAdapter - Downloading http://repo.maven.apache.org/maven2/org/apache/commons/commons-parent/28/commons-parent-28.pom
2018-05-03 14:35:12,889 [Worker-2] INFO  o.e.m.c.i.e.AbstractTransferListenerAdapter - Downloaded http://repo.maven.apache.org/maven2/org/apache/commons/commons-parent/28/commons-parent-28.pom
2018-05-03 14:35:13,226 [Worker-2] INFO  o.e.m.c.i.e.AbstractTransferListenerAdapter - Downloading http://repo.maven.apache.org/maven2/org/elasticsearch/plugin/lang-mustache-client/6.2.4/lang-mustache-client-6.2.4.pom
2018-05-03 14:35:14,027 [Worker-2] INFO  o.e.m.c.i.e.AbstractTransferListenerAdapter - Downloaded http://repo.maven.apache.org/maven2/org/elasticsearch/plugin/lang-mustache-client/6.2.4/lang-mustache-client-6.2.4.pom
2018-05-03 14:35:14,148 [Worker-2] INFO  o.e.m.c.i.e.AbstractTransferListenerAdapter - Downloading http://repo.maven.apache.org/maven2/com/github/spullara/mustache/java/compiler/0.9.3/compiler-0.9.3.pom
2018-05-03 14:35:14,207 [Worker-2] INFO  o.e.m.c.i.e.AbstractTransferListenerAdapter - Downloaded http://repo.maven.apache.org/maven2/com/github/spullara/mustache/java/compiler/0.9.3/compiler-0.9.3.pom
2018-05-03 14:35:15,057 [Worker-2] INFO  o.e.m.c.i.e.AbstractTransferListenerAdapter - Downloading http://repo.maven.apache.org/maven2/com/github/spullara/mustache/java/mustache.java/0.9.3/mustache.java-0.9.3.pom
2018-05-03 14:35:16,393 [Worker-2] INFO  o.e.m.c.i.e.AbstractTransferListenerAdapter - Downloaded http://repo.maven.apache.org/maven2/com/github/spullara/mustache/java/mustache.java/0.9.3/mustache.java-0.9.3.pom
2018-05-03 14:35:16,430 [Worker-2] INFO  o.e.m.c.i.e.AbstractTransferListenerAdapter - Downloading http://repo.maven.apache.org/maven2/org/elasticsearch/plugin/percolator-client/6.2.4/percolator-client-6.2.4.pom
2018-05-03 14:35:18,163 [Worker-2] INFO  o.e.m.c.i.e.AbstractTransferListenerAdapter - Downloaded http://repo.maven.apache.org/maven2/org/elasticsearch/plugin/percolator-client/6.2.4/percolator-client-6.2.4.pom
2018-05-03 14:35:18,232 [Worker-2] INFO  o.e.m.c.i.e.AbstractTransferListenerAdapter - Downloading http://repo.maven.apache.org/maven2/org/elasticsearch/plugin/parent-join-client/6.2.4/parent-join-client-6.2.4.pom
2018-05-03 14:35:19,698 [Worker-2] INFO  o.e.m.c.i.e.AbstractTransferListenerAdapter - Downloaded http://repo.maven.apache.org/maven2/org/elasticsearch/plugin/parent-join-client/6.2.4/parent-join-client-6.2.4.pom
2018-05-03 14:35:20,534 [Worker-2] INFO  o.e.m.c.i.e.AbstractTransferListenerAdapter - Downloading http://repo.maven.apache.org/maven2/org/elasticsearch/plugin/rank-eval-client/6.2.4/rank-eval-client-6.2.4.pom
2018-05-03 14:35:21,780 [Worker-2] INFO  o.e.m.c.i.e.AbstractTransferListenerAdapter - Downloaded http://repo.maven.apache.org/maven2/org/elasticsearch/plugin/rank-eval-client/6.2.4/rank-eval-client-6.2.4.pom
2018-05-03 14:35:22,181 [Worker-2] INFO  o.e.m.c.i.e.AbstractTransferListenerAdapter - Downloading http://repo.maven.apache.org/maven2/org/elasticsearch/client/transport/6.2.4/transport-6.2.4.jar
2018-05-03 14:35:24,780 [Worker-2] INFO  o.e.m.c.i.e.AbstractTransferListenerAdapter - Downloaded http://repo.maven.apache.org/maven2/org/elasticsearch/client/transport/6.2.4/transport-6.2.4.jar
2018-05-03 14:35:25,303 [Worker-2] INFO  o.e.m.c.i.e.AbstractTransferListenerAdapter - Downloading http://repo.maven.apache.org/maven2/org/elasticsearch/elasticsearch/6.2.4/elasticsearch-6.2.4.jar
2018-05-03 14:37:48,377 [Worker-2] INFO  o.e.m.c.i.e.AbstractTransferListenerAdapter - Downloaded http://repo.maven.apache.org/maven2/org/elasticsearch/elasticsearch/6.2.4/elasticsearch-6.2.4.jar
2018-05-03 14:37:48,399 [Worker-2] INFO  o.e.m.c.i.e.AbstractTransferListenerAdapter - Downloading http://repo.maven.apache.org/maven2/org/elasticsearch/elasticsearch-core/6.2.4/elasticsearch-core-6.2.4.jar
2018-05-03 14:37:48,598 [Worker-2] INFO  o.e.m.c.i.e.AbstractTransferListenerAdapter - Downloaded http://repo.maven.apache.org/maven2/org/elasticsearch/elasticsearch-core/6.2.4/elasticsearch-core-6.2.4.jar
2018-05-03 14:37:48,630 [Worker-2] INFO  o.e.m.c.i.e.AbstractTransferListenerAdapter - Downloading http://repo.maven.apache.org/maven2/org/apache/lucene/lucene-core/7.2.1/lucene-core-7.2.1.jar
2018-05-03 14:38:00,511 [Worker-2] INFO  o.e.m.c.i.e.AbstractTransferListenerAdapter - Downloaded http://repo.maven.apache.org/maven2/org/apache/lucene/lucene-core/7.2.1/lucene-core-7.2.1.jar
2018-05-03 14:38:00,795 [Worker-2] INFO  o.e.m.c.i.e.AbstractTransferListenerAdapter - Downloading http://repo.maven.apache.org/maven2/org/apache/lucene/lucene-analyzers-common/7.2.1/lucene-analyzers-common-7.2.1.jar
2018-05-03 14:38:31,024 [Worker-2] INFO  o.e.m.c.i.e.AbstractTransferListenerAdapter - Downloaded http://repo.maven.apache.org/maven2/org/apache/lucene/lucene-analyzers-common/7.2.1/lucene-analyzers-common-7.2.1.jar
2018-05-03 14:38:31,049 [Worker-2] INFO  o.e.m.c.i.e.AbstractTransferListenerAdapter - Downloading http://repo.maven.apache.org/maven2/org/apache/lucene/lucene-backward-codecs/7.2.1/lucene-backward-codecs-7.2.1.jar
2018-05-03 14:38:31,775 [Worker-2] INFO  o.e.m.c.i.e.AbstractTransferListenerAdapter - Downloaded http://repo.maven.apache.org/maven2/org/apache/lucene/lucene-backward-codecs/7.2.1/lucene-backward-codecs-7.2.1.jar
2018-05-03 14:38:31,782 [Worker-2] INFO  o.e.m.c.i.e.AbstractTransferListenerAdapter - Downloading http://repo.maven.apache.org/maven2/org/apache/lucene/lucene-grouping/7.2.1/lucene-grouping-7.2.1.jar
2018-05-03 14:38:32,211 [Worker-2] INFO  o.e.m.c.i.e.AbstractTransferListenerAdapter - Downloaded http://repo.maven.apache.org/maven2/org/apache/lucene/lucene-grouping/7.2.1/lucene-grouping-7.2.1.jar
2018-05-03 14:38:32,218 [Worker-2] INFO  o.e.m.c.i.e.AbstractTransferListenerAdapter - Downloading http://repo.maven.apache.org/maven2/org/apache/lucene/lucene-highlighter/7.2.1/lucene-highlighter-7.2.1.jar
2018-05-03 14:38:33,573 [Worker-2] INFO  o.e.m.c.i.e.AbstractTransferListenerAdapter - Downloaded http://repo.maven.apache.org/maven2/org/apache/lucene/lucene-highlighter/7.2.1/lucene-highlighter-7.2.1.jar
2018-05-03 14:38:33,670 [Worker-2] INFO  o.e.m.c.i.e.AbstractTransferListenerAdapter - Downloading http://repo.maven.apache.org/maven2/org/apache/lucene/lucene-join/7.2.1/lucene-join-7.2.1.jar
2018-05-03 14:38:34,840 [Worker-2] INFO  o.e.m.c.i.e.AbstractTransferListenerAdapter - Downloaded http://repo.maven.apache.org/maven2/org/apache/lucene/lucene-join/7.2.1/lucene-join-7.2.1.jar
2018-05-03 14:38:34,855 [Worker-2] INFO  o.e.m.c.i.e.AbstractTransferListenerAdapter - Downloading http://repo.maven.apache.org/maven2/org/apache/lucene/lucene-memory/7.2.1/lucene-memory-7.2.1.jar
2018-05-03 14:38:35,407 [Worker-2] INFO  o.e.m.c.i.e.AbstractTransferListenerAdapter - Downloaded http://repo.maven.apache.org/maven2/org/apache/lucene/lucene-memory/7.2.1/lucene-memory-7.2.1.jar
2018-05-03 14:38:35,425 [Worker-2] INFO  o.e.m.c.i.e.AbstractTransferListenerAdapter - Downloading http://repo.maven.apache.org/maven2/org/apache/lucene/lucene-misc/7.2.1/lucene-misc-7.2.1.jar
2018-05-03 14:38:35,975 [Worker-2] INFO  o.e.m.c.i.e.AbstractTransferListenerAdapter - Downloaded http://repo.maven.apache.org/maven2/org/apache/lucene/lucene-misc/7.2.1/lucene-misc-7.2.1.jar
2018-05-03 14:38:36,020 [Worker-2] INFO  o.e.m.c.i.e.AbstractTransferListenerAdapter - Downloading http://repo.maven.apache.org/maven2/org/apache/lucene/lucene-queries/7.2.1/lucene-queries-7.2.1.jar
2018-05-03 14:38:42,404 [Worker-2] INFO  o.e.m.c.i.e.AbstractTransferListenerAdapter - Downloaded http://repo.maven.apache.org/maven2/org/apache/lucene/lucene-queries/7.2.1/lucene-queries-7.2.1.jar
2018-05-03 14:38:42,425 [Worker-2] INFO  o.e.m.c.i.e.AbstractTransferListenerAdapter - Downloading http://repo.maven.apache.org/maven2/org/apache/lucene/lucene-queryparser/7.2.1/lucene-queryparser-7.2.1.jar
2018-05-03 14:38:45,082 [Worker-2] INFO  o.e.m.c.i.e.AbstractTransferListenerAdapter - Downloaded http://repo.maven.apache.org/maven2/org/apache/lucene/lucene-queryparser/7.2.1/lucene-queryparser-7.2.1.jar
2018-05-03 14:38:45,101 [Worker-2] INFO  o.e.m.c.i.e.AbstractTransferListenerAdapter - Downloading http://repo.maven.apache.org/maven2/org/apache/lucene/lucene-sandbox/7.2.1/lucene-sandbox-7.2.1.jar
2018-05-03 14:38:46,160 [Worker-2] INFO  o.e.m.c.i.e.AbstractTransferListenerAdapter - Downloaded http://repo.maven.apache.org/maven2/org/apache/lucene/lucene-sandbox/7.2.1/lucene-sandbox-7.2.1.jar
2018-05-03 14:38:46,176 [Worker-2] INFO  o.e.m.c.i.e.AbstractTransferListenerAdapter - Downloading http://repo.maven.apache.org/maven2/org/apache/lucene/lucene-spatial/7.2.1/lucene-spatial-7.2.1.jar
2018-05-03 14:38:46,701 [Worker-2] INFO  o.e.m.c.i.e.AbstractTransferListenerAdapter - Downloaded http://repo.maven.apache.org/maven2/org/apache/lucene/lucene-spatial/7.2.1/lucene-spatial-7.2.1.jar
2018-05-03 14:38:46,732 [Worker-2] INFO  o.e.m.c.i.e.AbstractTransferListenerAdapter - Downloading http://repo.maven.apache.org/maven2/org/apache/lucene/lucene-spatial-extras/7.2.1/lucene-spatial-extras-7.2.1.jar
2018-05-03 14:38:48,198 [Worker-2] INFO  o.e.m.c.i.e.AbstractTransferListenerAdapter - Downloaded http://repo.maven.apache.org/maven2/org/apache/lucene/lucene-spatial-extras/7.2.1/lucene-spatial-extras-7.2.1.jar
2018-05-03 14:38:48,213 [Worker-2] INFO  o.e.m.c.i.e.AbstractTransferListenerAdapter - Downloading http://repo.maven.apache.org/maven2/org/apache/lucene/lucene-spatial3d/7.2.1/lucene-spatial3d-7.2.1.jar
2018-05-03 14:38:50,020 [Worker-2] INFO  o.e.m.c.i.e.AbstractTransferListenerAdapter - Downloaded http://repo.maven.apache.org/maven2/org/apache/lucene/lucene-spatial3d/7.2.1/lucene-spatial3d-7.2.1.jar
2018-05-03 14:38:50,301 [Worker-2] INFO  o.e.m.c.i.e.AbstractTransferListenerAdapter - Downloading http://repo.maven.apache.org/maven2/org/apache/lucene/lucene-suggest/7.2.1/lucene-suggest-7.2.1.jar
2018-05-03 14:38:54,358 [Worker-2] INFO  o.e.m.c.i.e.AbstractTransferListenerAdapter - Downloaded http://repo.maven.apache.org/maven2/org/apache/lucene/lucene-suggest/7.2.1/lucene-suggest-7.2.1.jar
2018-05-03 14:38:54,568 [Worker-2] INFO  o.e.m.c.i.e.AbstractTransferListenerAdapter - Downloading http://repo.maven.apache.org/maven2/org/elasticsearch/securesm/1.2/securesm-1.2.jar
2018-05-03 14:38:54,884 [Worker-2] INFO  o.e.m.c.i.e.AbstractTransferListenerAdapter - Downloaded http://repo.maven.apache.org/maven2/org/elasticsearch/securesm/1.2/securesm-1.2.jar
2018-05-03 14:38:54,921 [Worker-2] INFO  o.e.m.c.i.e.AbstractTransferListenerAdapter - Downloading http://repo.maven.apache.org/maven2/org/elasticsearch/elasticsearch-cli/6.2.4/elasticsearch-cli-6.2.4.jar
2018-05-03 14:38:56,184 [Worker-2] INFO  o.e.m.c.i.e.AbstractTransferListenerAdapter - Downloaded http://repo.maven.apache.org/maven2/org/elasticsearch/elasticsearch-cli/6.2.4/elasticsearch-cli-6.2.4.jar
2018-05-03 14:38:56,284 [Worker-2] INFO  o.e.m.c.i.e.AbstractTransferListenerAdapter - Downloading http://repo.maven.apache.org/maven2/net/sf/jopt-simple/jopt-simple/5.0.2/jopt-simple-5.0.2.jar
2018-05-03 14:38:57,200 [Worker-2] INFO  o.e.m.c.i.e.AbstractTransferListenerAdapter - Downloaded http://repo.maven.apache.org/maven2/net/sf/jopt-simple/jopt-simple/5.0.2/jopt-simple-5.0.2.jar
2018-05-03 14:38:57,215 [Worker-2] INFO  o.e.m.c.i.e.AbstractTransferListenerAdapter - Downloading http://repo.maven.apache.org/maven2/com/carrotsearch/hppc/0.7.1/hppc-0.7.1.jar
2018-05-03 14:39:03,819 [Worker-2] INFO  o.e.m.c.i.e.AbstractTransferListenerAdapter - Downloaded http://repo.maven.apache.org/maven2/com/carrotsearch/hppc/0.7.1/hppc-0.7.1.jar
2018-05-03 14:39:03,841 [Worker-2] INFO  o.e.m.c.i.e.AbstractTransferListenerAdapter - Downloading http://repo.maven.apache.org/maven2/joda-time/joda-time/2.9.9/joda-time-2.9.9.jar
2018-05-03 14:39:07,757 [Worker-2] INFO  o.e.m.c.i.e.AbstractTransferListenerAdapter - Downloaded http://repo.maven.apache.org/maven2/joda-time/joda-time/2.9.9/joda-time-2.9.9.jar
2018-05-03 14:39:07,819 [Worker-2] INFO  o.e.m.c.i.e.AbstractTransferListenerAdapter - Downloading http://repo.maven.apache.org/maven2/org/yaml/snakeyaml/1.17/snakeyaml-1.17.jar
2018-05-03 14:39:08,856 [Worker-2] INFO  o.e.m.c.i.e.AbstractTransferListenerAdapter - Downloaded http://repo.maven.apache.org/maven2/org/yaml/snakeyaml/1.17/snakeyaml-1.17.jar
2018-05-03 14:39:08,956 [Worker-2] INFO  o.e.m.c.i.e.AbstractTransferListenerAdapter - Downloading http://repo.maven.apache.org/maven2/com/fasterxml/jackson/core/jackson-core/2.8.10/jackson-core-2.8.10.jar
2018-05-03 14:39:12,238 [Worker-2] INFO  o.e.m.c.i.e.AbstractTransferListenerAdapter - Downloaded http://repo.maven.apache.org/maven2/com/fasterxml/jackson/core/jackson-core/2.8.10/jackson-core-2.8.10.jar
2018-05-03 14:39:12,254 [Worker-2] INFO  o.e.m.c.i.e.AbstractTransferListenerAdapter - Downloading http://repo.maven.apache.org/maven2/com/fasterxml/jackson/dataformat/jackson-dataformat-smile/2.8.10/jackson-dataformat-smile-2.8.10.jar
2018-05-03 14:39:12,516 [Worker-2] INFO  o.e.m.c.i.e.AbstractTransferListenerAdapter - Downloaded http://repo.maven.apache.org/maven2/com/fasterxml/jackson/dataformat/jackson-dataformat-smile/2.8.10/jackson-dataformat-smile-2.8.10.jar
2018-05-03 14:39:12,569 [Worker-2] INFO  o.e.m.c.i.e.AbstractTransferListenerAdapter - Downloading http://repo.maven.apache.org/maven2/com/fasterxml/jackson/dataformat/jackson-dataformat-yaml/2.8.10/jackson-dataformat-yaml-2.8.10.jar
2018-05-03 14:39:13,931 [Worker-2] INFO  o.e.m.c.i.e.AbstractTransferListenerAdapter - Downloaded http://repo.maven.apache.org/maven2/com/fasterxml/jackson/dataformat/jackson-dataformat-yaml/2.8.10/jackson-dataformat-yaml-2.8.10.jar
2018-05-03 14:39:14,054 [Worker-2] INFO  o.e.m.c.i.e.AbstractTransferListenerAdapter - Downloading http://repo.maven.apache.org/maven2/com/fasterxml/jackson/dataformat/jackson-dataformat-cbor/2.8.10/jackson-dataformat-cbor-2.8.10.jar
2018-05-03 14:39:14,570 [Worker-2] INFO  o.e.m.c.i.e.AbstractTransferListenerAdapter - Downloaded http://repo.maven.apache.org/maven2/com/fasterxml/jackson/dataformat/jackson-dataformat-cbor/2.8.10/jackson-dataformat-cbor-2.8.10.jar
2018-05-03 14:39:14,586 [Worker-2] INFO  o.e.m.c.i.e.AbstractTransferListenerAdapter - Downloading http://repo.maven.apache.org/maven2/com/tdunning/t-digest/3.0/t-digest-3.0.jar
2018-05-03 14:39:16,218 [Worker-2] INFO  o.e.m.c.i.e.AbstractTransferListenerAdapter - Downloaded http://repo.maven.apache.org/maven2/com/tdunning/t-digest/3.0/t-digest-3.0.jar
2018-05-03 14:39:16,236 [Worker-2] INFO  o.e.m.c.i.e.AbstractTransferListenerAdapter - Downloading http://repo.maven.apache.org/maven2/org/hdrhistogram/HdrHistogram/2.1.9/HdrHistogram-2.1.9.jar
2018-05-03 14:39:17,086 [Worker-2] INFO  o.e.m.c.i.e.AbstractTransferListenerAdapter - Downloaded http://repo.maven.apache.org/maven2/org/hdrhistogram/HdrHistogram/2.1.9/HdrHistogram-2.1.9.jar
2018-05-03 14:39:17,086 [Worker-2] INFO  o.e.m.c.i.e.AbstractTransferListenerAdapter - Downloading http://repo.maven.apache.org/maven2/org/apache/logging/log4j/log4j-api/2.9.1/log4j-api-2.9.1.jar
2018-05-03 14:39:18,138 [Worker-2] INFO  o.e.m.c.i.e.AbstractTransferListenerAdapter - Downloaded http://repo.maven.apache.org/maven2/org/apache/logging/log4j/log4j-api/2.9.1/log4j-api-2.9.1.jar
2018-05-03 14:39:18,140 [Worker-2] INFO  o.e.m.c.i.e.AbstractTransferListenerAdapter - Downloading http://repo.maven.apache.org/maven2/org/elasticsearch/jna/4.5.1/jna-4.5.1.jar
2018-05-03 14:39:21,721 [Worker-2] INFO  o.e.m.c.i.e.AbstractTransferListenerAdapter - Downloaded http://repo.maven.apache.org/maven2/org/elasticsearch/jna/4.5.1/jna-4.5.1.jar
2018-05-03 14:39:21,759 [Worker-2] INFO  o.e.m.c.i.e.AbstractTransferListenerAdapter - Downloading http://repo.maven.apache.org/maven2/org/elasticsearch/plugin/transport-netty4-client/6.2.4/transport-netty4-client-6.2.4.jar
2018-05-03 14:39:22,150 [Worker-2] INFO  o.e.m.c.i.e.AbstractTransferListenerAdapter - Downloaded http://repo.maven.apache.org/maven2/org/elasticsearch/plugin/transport-netty4-client/6.2.4/transport-netty4-client-6.2.4.jar
2018-05-03 14:39:22,189 [Worker-2] INFO  o.e.m.c.i.e.AbstractTransferListenerAdapter - Downloading http://repo.maven.apache.org/maven2/io/netty/netty-buffer/4.1.16.Final/netty-buffer-4.1.16.Final.jar
2018-05-03 14:39:22,709 [Worker-2] INFO  o.e.m.c.i.e.AbstractTransferListenerAdapter - Downloaded http://repo.maven.apache.org/maven2/io/netty/netty-buffer/4.1.16.Final/netty-buffer-4.1.16.Final.jar
2018-05-03 14:39:22,738 [Worker-2] INFO  o.e.m.c.i.e.AbstractTransferListenerAdapter - Downloading http://repo.maven.apache.org/maven2/io/netty/netty-codec/4.1.16.Final/netty-codec-4.1.16.Final.jar
2018-05-03 14:39:23,832 [Worker-2] INFO  o.e.m.c.i.e.AbstractTransferListenerAdapter - Downloaded http://repo.maven.apache.org/maven2/io/netty/netty-codec/4.1.16.Final/netty-codec-4.1.16.Final.jar
2018-05-03 14:39:24,194 [Worker-2] INFO  o.e.m.c.i.e.AbstractTransferListenerAdapter - Downloading http://repo.maven.apache.org/maven2/io/netty/netty-codec-http/4.1.16.Final/netty-codec-http-4.1.16.Final.jar
2018-05-03 14:39:26,385 [Worker-2] INFO  o.e.m.c.i.e.AbstractTransferListenerAdapter - Downloaded http://repo.maven.apache.org/maven2/io/netty/netty-codec-http/4.1.16.Final/netty-codec-http-4.1.16.Final.jar
2018-05-03 14:39:26,395 [Worker-2] INFO  o.e.m.c.i.e.AbstractTransferListenerAdapter - Downloading http://repo.maven.apache.org/maven2/io/netty/netty-common/4.1.16.Final/netty-common-4.1.16.Final.jar
2018-05-03 14:39:28,080 [Worker-2] INFO  o.e.m.c.i.e.AbstractTransferListenerAdapter - Downloaded http://repo.maven.apache.org/maven2/io/netty/netty-common/4.1.16.Final/netty-common-4.1.16.Final.jar
2018-05-03 14:39:28,118 [Worker-2] INFO  o.e.m.c.i.e.AbstractTransferListenerAdapter - Downloading http://repo.maven.apache.org/maven2/io/netty/netty-handler/4.1.16.Final/netty-handler-4.1.16.Final.jar
2018-05-03 14:39:28,919 [Worker-2] INFO  o.e.m.c.i.e.AbstractTransferListenerAdapter - Downloaded http://repo.maven.apache.org/maven2/io/netty/netty-handler/4.1.16.Final/netty-handler-4.1.16.Final.jar
2018-05-03 14:39:29,018 [Worker-2] INFO  o.e.m.c.i.e.AbstractTransferListenerAdapter - Downloading http://repo.maven.apache.org/maven2/io/netty/netty-resolver/4.1.16.Final/netty-resolver-4.1.16.Final.jar
2018-05-03 14:39:29,250 [Worker-2] INFO  o.e.m.c.i.e.AbstractTransferListenerAdapter - Downloaded http://repo.maven.apache.org/maven2/io/netty/netty-resolver/4.1.16.Final/netty-resolver-4.1.16.Final.jar
2018-05-03 14:39:29,319 [Worker-2] INFO  o.e.m.c.i.e.AbstractTransferListenerAdapter - Downloading http://repo.maven.apache.org/maven2/io/netty/netty-transport/4.1.16.Final/netty-transport-4.1.16.Final.jar
2018-05-03 14:39:31,039 [Worker-2] INFO  o.e.m.c.i.e.AbstractTransferListenerAdapter - Downloaded http://repo.maven.apache.org/maven2/io/netty/netty-transport/4.1.16.Final/netty-transport-4.1.16.Final.jar
2018-05-03 14:39:31,039 [Worker-2] INFO  o.e.m.c.i.e.AbstractTransferListenerAdapter - Downloading http://repo.maven.apache.org/maven2/org/locationtech/spatial4j/spatial4j/0.6/spatial4j-0.6.jar
2018-05-03 14:39:31,702 [Worker-2] INFO  o.e.m.c.i.e.AbstractTransferListenerAdapter - Downloaded http://repo.maven.apache.org/maven2/org/locationtech/spatial4j/spatial4j/0.6/spatial4j-0.6.jar
2018-05-03 14:39:31,820 [Worker-2] INFO  o.e.m.c.i.e.AbstractTransferListenerAdapter - Downloading http://repo.maven.apache.org/maven2/com/vividsolutions/jts/1.13/jts-1.13.jar
2018-05-03 14:39:34,025 [Worker-2] INFO  o.e.m.c.i.e.AbstractTransferListenerAdapter - Downloaded http://repo.maven.apache.org/maven2/com/vividsolutions/jts/1.13/jts-1.13.jar
2018-05-03 14:39:34,041 [Worker-2] INFO  o.e.m.c.i.e.AbstractTransferListenerAdapter - Downloading http://repo.maven.apache.org/maven2/org/apache/logging/log4j/log4j-core/2.9.1/log4j-core-2.9.1.jar
2018-05-03 14:39:36,787 [Worker-2] INFO  o.e.m.c.i.e.AbstractTransferListenerAdapter - Downloaded http://repo.maven.apache.org/maven2/org/apache/logging/log4j/log4j-core/2.9.1/log4j-core-2.9.1.jar
2018-05-03 14:39:36,803 [Worker-2] INFO  o.e.m.c.i.e.AbstractTransferListenerAdapter - Downloading http://repo.maven.apache.org/maven2/org/elasticsearch/plugin/reindex-client/6.2.4/reindex-client-6.2.4.jar
2018-05-03 14:39:37,202 [Worker-2] INFO  o.e.m.c.i.e.AbstractTransferListenerAdapter - Downloaded http://repo.maven.apache.org/maven2/org/elasticsearch/plugin/reindex-client/6.2.4/reindex-client-6.2.4.jar
2018-05-03 14:39:37,202 [Worker-2] INFO  o.e.m.c.i.e.AbstractTransferListenerAdapter - Downloading http://repo.maven.apache.org/maven2/org/elasticsearch/client/elasticsearch-rest-client/6.2.4/elasticsearch-rest-client-6.2.4.jar
2018-05-03 14:39:37,371 [Worker-2] INFO  o.e.m.c.i.e.AbstractTransferListenerAdapter - Downloaded http://repo.maven.apache.org/maven2/org/elasticsearch/client/elasticsearch-rest-client/6.2.4/elasticsearch-rest-client-6.2.4.jar
2018-05-03 14:39:37,387 [Worker-2] INFO  o.e.m.c.i.e.AbstractTransferListenerAdapter - Downloading http://repo.maven.apache.org/maven2/org/apache/httpcomponents/httpclient/4.5.2/httpclient-4.5.2.jar
2018-05-03 14:39:38,603 [Worker-2] INFO  o.e.m.c.i.e.AbstractTransferListenerAdapter - Downloaded http://repo.maven.apache.org/maven2/org/apache/httpcomponents/httpclient/4.5.2/httpclient-4.5.2.jar
2018-05-03 14:39:38,624 [Worker-2] INFO  o.e.m.c.i.e.AbstractTransferListenerAdapter - Downloading http://repo.maven.apache.org/maven2/org/apache/httpcomponents/httpcore/4.4.5/httpcore-4.4.5.jar
2018-05-03 14:39:39,087 [Worker-2] INFO  o.e.m.c.i.e.AbstractTransferListenerAdapter - Downloaded http://repo.maven.apache.org/maven2/org/apache/httpcomponents/httpcore/4.4.5/httpcore-4.4.5.jar
2018-05-03 14:39:39,102 [Worker-2] INFO  o.e.m.c.i.e.AbstractTransferListenerAdapter - Downloading http://repo.maven.apache.org/maven2/org/apache/httpcomponents/httpasyncclient/4.1.2/httpasyncclient-4.1.2.jar
2018-05-03 14:39:39,721 [Worker-2] INFO  o.e.m.c.i.e.AbstractTransferListenerAdapter - Downloaded http://repo.maven.apache.org/maven2/org/apache/httpcomponents/httpasyncclient/4.1.2/httpasyncclient-4.1.2.jar
2018-05-03 14:39:39,724 [Worker-2] INFO  o.e.m.c.i.e.AbstractTransferListenerAdapter - Downloading http://repo.maven.apache.org/maven2/org/apache/httpcomponents/httpcore-nio/4.4.5/httpcore-nio-4.4.5.jar
2018-05-03 14:39:40,486 [Worker-2] INFO  o.e.m.c.i.e.AbstractTransferListenerAdapter - Downloaded http://repo.maven.apache.org/maven2/org/apache/httpcomponents/httpcore-nio/4.4.5/httpcore-nio-4.4.5.jar
2018-05-03 14:39:40,486 [Worker-2] INFO  o.e.m.c.i.e.AbstractTransferListenerAdapter - Downloading http://repo.maven.apache.org/maven2/commons-codec/commons-codec/1.10/commons-codec-1.10.jar
2018-05-03 14:39:40,939 [Worker-2] INFO  o.e.m.c.i.e.AbstractTransferListenerAdapter - Downloaded http://repo.maven.apache.org/maven2/commons-codec/commons-codec/1.10/commons-codec-1.10.jar
2018-05-03 14:39:40,955 [Worker-2] INFO  o.e.m.c.i.e.AbstractTransferListenerAdapter - Downloading http://repo.maven.apache.org/maven2/commons-logging/commons-logging/1.1.3/commons-logging-1.1.3.jar
2018-05-03 14:39:41,023 [Worker-2] INFO  o.e.m.c.i.e.AbstractTransferListenerAdapter - Downloaded http://repo.maven.apache.org/maven2/commons-logging/commons-logging/1.1.3/commons-logging-1.1.3.jar
2018-05-03 14:39:41,023 [Worker-2] INFO  o.e.m.c.i.e.AbstractTransferListenerAdapter - Downloading http://repo.maven.apache.org/maven2/org/elasticsearch/plugin/lang-mustache-client/6.2.4/lang-mustache-client-6.2.4.jar
2018-05-03 14:39:41,286 [Worker-2] INFO  o.e.m.c.i.e.AbstractTransferListenerAdapter - Downloaded http://repo.maven.apache.org/maven2/org/elasticsearch/plugin/lang-mustache-client/6.2.4/lang-mustache-client-6.2.4.jar
2018-05-03 14:39:41,286 [Worker-2] INFO  o.e.m.c.i.e.AbstractTransferListenerAdapter - Downloading http://repo.maven.apache.org/maven2/com/github/spullara/mustache/java/compiler/0.9.3/compiler-0.9.3.jar
2018-05-03 14:39:41,539 [Worker-2] INFO  o.e.m.c.i.e.AbstractTransferListenerAdapter - Downloaded http://repo.maven.apache.org/maven2/com/github/spullara/mustache/java/compiler/0.9.3/compiler-0.9.3.jar
2018-05-03 14:39:41,554 [Worker-2] INFO  o.e.m.c.i.e.AbstractTransferListenerAdapter - Downloading http://repo.maven.apache.org/maven2/org/elasticsearch/plugin/percolator-client/6.2.4/percolator-client-6.2.4.jar
2018-05-03 14:39:41,819 [Worker-2] INFO  o.e.m.c.i.e.AbstractTransferListenerAdapter - Downloaded http://repo.maven.apache.org/maven2/org/elasticsearch/plugin/percolator-client/6.2.4/percolator-client-6.2.4.jar
2018-05-03 14:39:41,839 [Worker-2] INFO  o.e.m.c.i.e.AbstractTransferListenerAdapter - Downloading http://repo.maven.apache.org/maven2/org/elasticsearch/plugin/parent-join-client/6.2.4/parent-join-client-6.2.4.jar
2018-05-03 14:39:42,101 [Worker-2] INFO  o.e.m.c.i.e.AbstractTransferListenerAdapter - Downloaded http://repo.maven.apache.org/maven2/org/elasticsearch/plugin/parent-join-client/6.2.4/parent-join-client-6.2.4.jar
2018-05-03 14:39:42,101 [Worker-2] INFO  o.e.m.c.i.e.AbstractTransferListenerAdapter - Downloading http://repo.maven.apache.org/maven2/org/elasticsearch/plugin/rank-eval-client/6.2.4/rank-eval-client-6.2.4.jar
2018-05-03 14:39:42,285 [Worker-2] INFO  o.e.m.c.i.e.AbstractTransferListenerAdapter - Downloaded http://repo.maven.apache.org/maven2/org/elasticsearch/plugin/rank-eval-client/6.2.4/rank-eval-client-6.2.4.jar
2018-05-03 14:39:44,957 [Worker-2] WARN  o.e.m.c.i.embedder.EclipseLogger - Using platform encoding (Cp1252 actually) to copy filtered resources, i.e. build is platform dependent!
2018-05-03 14:39:44,957 [Worker-2] INFO  o.e.m.c.i.embedder.EclipseLogger - Copying 0 resource
2018-05-03 14:39:44,957 [Worker-2] WARN  o.e.m.c.i.embedder.EclipseLogger - Using platform encoding (Cp1252 actually) to copy filtered resources, i.e. build is platform dependent!
2018-05-03 14:39:44,957 [Worker-2] INFO  o.e.m.c.i.embedder.EclipseLogger - Copying 0 resource
2018-05-03 14:39:48,479 [Worker-3] WARN  o.e.m.c.i.embedder.EclipseLogger - Using platform encoding (Cp1252 actually) to copy filtered resources, i.e. build is platform dependent!
2018-05-03 14:39:48,479 [Worker-3] INFO  o.e.m.c.i.embedder.EclipseLogger - Copying 0 resource
2018-05-03 14:39:48,479 [Worker-3] WARN  o.e.m.c.i.embedder.EclipseLogger - Using platform encoding (Cp1252 actually) to copy filtered resources, i.e. build is platform dependent!
2018-05-03 14:39:48,495 [Worker-3] INFO  o.e.m.c.i.embedder.EclipseLogger - Copying 0 resource
2018-05-03 14:39:49,516 [Worker-1] WARN  o.e.m.c.i.embedder.EclipseLogger - Using platform encoding (Cp1252 actually) to copy filtered resources, i.e. build is platform dependent!
2018-05-03 14:39:49,516 [Worker-1] INFO  o.e.m.c.i.embedder.EclipseLogger - Copying 0 resource
2018-05-03 14:39:49,516 [Worker-1] WARN  o.e.m.c.i.embedder.EclipseLogger - Using platform encoding (Cp1252 actually) to copy filtered resources, i.e. build is platform dependent!
2018-05-03 14:39:49,516 [Worker-1] INFO  o.e.m.c.i.embedder.EclipseLogger - Copying 0 resource
2018-05-03 14:39:58,177 [Worker-1] WARN  o.e.m.c.i.embedder.EclipseLogger - Using platform encoding (Cp1252 actually) to copy filtered resources, i.e. build is platform dependent!
2018-05-03 14:39:58,177 [Worker-1] INFO  o.e.m.c.i.embedder.EclipseLogger - Copying 0 resource
2018-05-03 14:39:58,177 [Worker-1] WARN  o.e.m.c.i.embedder.EclipseLogger - Using platform encoding (Cp1252 actually) to copy filtered resources, i.e. build is platform dependent!
2018-05-03 14:39:58,177 [Worker-1] INFO  o.e.m.c.i.embedder.EclipseLogger - Copying 0 resource
2018-05-03 15:10:18,172 [Worker-16] WARN  o.e.m.c.i.embedder.EclipseLogger - Using platform encoding (Cp1252 actually) to copy filtered resources, i.e. build is platform dependent!
2018-05-03 15:10:18,172 [Worker-16] INFO  o.e.m.c.i.embedder.EclipseLogger - Copying 0 resource
2018-05-03 15:10:18,172 [Worker-16] WARN  o.e.m.c.i.embedder.EclipseLogger - Using platform encoding (Cp1252 actually) to copy filtered resources, i.e. build is platform dependent!
2018-05-03 15:10:18,172 [Worker-16] INFO  o.e.m.c.i.embedder.EclipseLogger - Copying 0 resource
2018-05-03 15:10:25,191 [Worker-16] WARN  o.e.m.c.i.embedder.EclipseLogger - Using platform encoding (Cp1252 actually) to copy filtered resources, i.e. build is platform dependent!
2018-05-03 15:10:25,191 [Worker-16] INFO  o.e.m.c.i.embedder.EclipseLogger - Copying 0 resource
2018-05-03 15:10:25,191 [Worker-16] WARN  o.e.m.c.i.embedder.EclipseLogger - Using platform encoding (Cp1252 actually) to copy filtered resources, i.e. build is platform dependent!
2018-05-03 15:10:25,191 [Worker-16] INFO  o.e.m.c.i.embedder.EclipseLogger - Copying 0 resource
2018-05-03 15:10:40,005 [Worker-17] WARN  o.e.m.c.i.embedder.EclipseLogger - Using platform encoding (Cp1252 actually) to copy filtered resources, i.e. build is platform dependent!
2018-05-03 15:10:40,005 [Worker-17] INFO  o.e.m.c.i.embedder.EclipseLogger - Copying 0 resource
2018-05-03 15:10:40,005 [Worker-17] WARN  o.e.m.c.i.embedder.EclipseLogger - Using platform encoding (Cp1252 actually) to copy filtered resources, i.e. build is platform dependent!
2018-05-03 15:10:40,005 [Worker-17] INFO  o.e.m.c.i.embedder.EclipseLogger - Copying 0 resource
2018-05-03 15:11:10,577 [Worker-17] INFO  o.e.m.c.i.e.AbstractTransferListenerAdapter - Downloading http://repo.maven.apache.org/maven2/org/elasticsearch/elasticsearch/6.2.4/elasticsearch-6.2.4-sources.jar
2018-05-03 15:11:13,509 [Worker-17] INFO  o.e.m.c.i.e.AbstractTransferListenerAdapter - Downloaded http://repo.maven.apache.org/maven2/org/elasticsearch/elasticsearch/6.2.4/elasticsearch-6.2.4-sources.jar
2018-05-03 15:11:13,547 [Worker-17] INFO  o.e.m.j.internal.DownloadSourcesJob - Downloaded sources for org.elasticsearch:elasticsearch:6.2.4
2018-05-03 15:11:13,893 [Worker-13] WARN  o.e.m.c.i.embedder.EclipseLogger - Using platform encoding (Cp1252 actually) to copy filtered resources, i.e. build is platform dependent!
2018-05-03 15:11:13,894 [Worker-13] INFO  o.e.m.c.i.embedder.EclipseLogger - Copying 0 resource
2018-05-03 15:11:13,895 [Worker-13] WARN  o.e.m.c.i.embedder.EclipseLogger - Using platform encoding (Cp1252 actually) to copy filtered resources, i.e. build is platform dependent!
2018-05-03 15:11:13,896 [Worker-13] INFO  o.e.m.c.i.embedder.EclipseLogger - Copying 0 resource
2018-05-03 15:14:56,570 [Worker-0] WARN  o.e.m.c.i.embedder.EclipseLogger - Using platform encoding (Cp1252 actually) to copy filtered resources, i.e. build is platform dependent!
2018-05-03 15:14:56,572 [Worker-0] INFO  o.e.m.c.i.embedder.EclipseLogger - Copying 0 resource
2018-05-03 15:14:56,573 [Worker-0] WARN  o.e.m.c.i.embedder.EclipseLogger - Using platform encoding (Cp1252 actually) to copy filtered resources, i.e. build is platform dependent!
2018-05-03 15:14:56,574 [Worker-0] INFO  o.e.m.c.i.embedder.EclipseLogger - Copying 0 resource
2018-05-03 15:18:19,169 [Worker-17] WARN  o.e.m.c.i.embedder.EclipseLogger - Using platform encoding (Cp1252 actually) to copy filtered resources, i.e. build is platform dependent!
2018-05-03 15:18:19,169 [Worker-17] INFO  o.e.m.c.i.embedder.EclipseLogger - Copying 0 resource
2018-05-03 15:18:19,169 [Worker-17] WARN  o.e.m.c.i.embedder.EclipseLogger - Using platform encoding (Cp1252 actually) to copy filtered resources, i.e. build is platform dependent!
2018-05-03 15:18:19,169 [Worker-17] INFO  o.e.m.c.i.embedder.EclipseLogger - Copying 0 resource
2018-05-03 15:18:25,457 [Worker-12] WARN  o.e.m.c.i.embedder.EclipseLogger - Using platform encoding (Cp1252 actually) to copy filtered resources, i.e. build is platform dependent!
2018-05-03 15:18:25,457 [Worker-12] INFO  o.e.m.c.i.embedder.EclipseLogger - Copying 0 resource
2018-05-03 15:18:25,457 [Worker-12] WARN  o.e.m.c.i.embedder.EclipseLogger - Using platform encoding (Cp1252 actually) to copy filtered resources, i.e. build is platform dependent!
2018-05-03 15:18:25,472 [Worker-12] INFO  o.e.m.c.i.embedder.EclipseLogger - Copying 0 resource
2018-05-03 15:21:08,748 [Worker-12] WARN  o.e.m.c.i.embedder.EclipseLogger - Using platform encoding (Cp1252 actually) to copy filtered resources, i.e. build is platform dependent!
2018-05-03 15:21:08,748 [Worker-12] INFO  o.e.m.c.i.embedder.EclipseLogger - Copying 0 resource
2018-05-03 15:21:08,748 [Worker-12] WARN  o.e.m.c.i.embedder.EclipseLogger - Using platform encoding (Cp1252 actually) to copy filtered resources, i.e. build is platform dependent!
2018-05-03 15:21:08,748 [Worker-12] INFO  o.e.m.c.i.embedder.EclipseLogger - Copying 0 resource
2018-05-03 15:23:54,730 [Worker-23] INFO  o.e.m.c.i.l.LifecycleMappingFactory - Using org.eclipse.m2e.jdt.JarLifecycleMapping lifecycle mapping for MavenProject: com.price_recomendation:mave-price_rec:0.0.1-SNAPSHOT @ C:\Users\Dusan\Desktop\KTH-VT18\Craigslist-price-recommendations\MeavenProject\mave-price_rec\pom.xml.
2018-05-03 15:23:55,087 [Worker-23] INFO  o.e.m.c.i.e.AbstractTransferListenerAdapter - Downloading http://repo.maven.apache.org/maven2/org/elasticsearch/client/elasticsearch-rest-high-level-client/6.2.4/elasticsearch-rest-high-level-client-6.2.4.pom
2018-05-03 15:23:55,240 [Worker-23] INFO  o.e.m.c.i.e.AbstractTransferListenerAdapter - Downloaded http://repo.maven.apache.org/maven2/org/elasticsearch/client/elasticsearch-rest-high-level-client/6.2.4/elasticsearch-rest-high-level-client-6.2.4.pom
2018-05-03 15:23:55,255 [Worker-23] INFO  o.e.m.c.i.e.AbstractTransferListenerAdapter - Downloading http://repo.maven.apache.org/maven2/org/elasticsearch/plugin/aggs-matrix-stats-client/6.2.4/aggs-matrix-stats-client-6.2.4.pom
2018-05-03 15:23:55,371 [Worker-23] INFO  o.e.m.c.i.e.AbstractTransferListenerAdapter - Downloaded http://repo.maven.apache.org/maven2/org/elasticsearch/plugin/aggs-matrix-stats-client/6.2.4/aggs-matrix-stats-client-6.2.4.pom
2018-05-03 15:23:55,486 [Worker-23] INFO  o.e.m.c.i.e.AbstractTransferListenerAdapter - Downloading http://repo.maven.apache.org/maven2/org/elasticsearch/client/elasticsearch-rest-high-level-client/6.2.4/elasticsearch-rest-high-level-client-6.2.4.jar
2018-05-03 15:23:55,671 [Worker-23] INFO  o.e.m.c.i.e.AbstractTransferListenerAdapter - Downloaded http://repo.maven.apache.org/maven2/org/elasticsearch/client/elasticsearch-rest-high-level-client/6.2.4/elasticsearch-rest-high-level-client-6.2.4.jar
2018-05-03 15:23:55,671 [Worker-23] INFO  o.e.m.c.i.e.AbstractTransferListenerAdapter - Downloading http://repo.maven.apache.org/maven2/org/elasticsearch/plugin/aggs-matrix-stats-client/6.2.4/aggs-matrix-stats-client-6.2.4.jar
2018-05-03 15:23:55,824 [Worker-23] INFO  o.e.m.c.i.e.AbstractTransferListenerAdapter - Downloaded http://repo.maven.apache.org/maven2/org/elasticsearch/plugin/aggs-matrix-stats-client/6.2.4/aggs-matrix-stats-client-6.2.4.jar
2018-05-03 15:23:56,071 [Worker-23] WARN  o.e.m.c.i.embedder.EclipseLogger - Using platform encoding (Cp1252 actually) to copy filtered resources, i.e. build is platform dependent!
2018-05-03 15:23:56,071 [Worker-23] INFO  o.e.m.c.i.embedder.EclipseLogger - Copying 0 resource
2018-05-03 15:23:56,071 [Worker-23] WARN  o.e.m.c.i.embedder.EclipseLogger - Using platform encoding (Cp1252 actually) to copy filtered resources, i.e. build is platform dependent!
2018-05-03 15:23:56,071 [Worker-23] INFO  o.e.m.c.i.embedder.EclipseLogger - Copying 0 resource
2018-05-03 15:23:58,029 [Worker-22] WARN  o.e.m.c.i.embedder.EclipseLogger - Using platform encoding (Cp1252 actually) to copy filtered resources, i.e. build is platform dependent!
2018-05-03 15:23:58,030 [Worker-22] INFO  o.e.m.c.i.embedder.EclipseLogger - Copying 0 resource
2018-05-03 15:23:58,031 [Worker-22] WARN  o.e.m.c.i.embedder.EclipseLogger - Using platform encoding (Cp1252 actually) to copy filtered resources, i.e. build is platform dependent!
2018-05-03 15:23:58,033 [Worker-22] INFO  o.e.m.c.i.embedder.EclipseLogger - Copying 0 resource
2018-05-03 15:26:28,687 [Worker-21] WARN  o.e.m.c.i.embedder.EclipseLogger - Using platform encoding (Cp1252 actually) to copy filtered resources, i.e. build is platform dependent!
2018-05-03 15:26:28,687 [Worker-21] INFO  o.e.m.c.i.embedder.EclipseLogger - Copying 0 resource
2018-05-03 15:26:28,687 [Worker-21] WARN  o.e.m.c.i.embedder.EclipseLogger - Using platform encoding (Cp1252 actually) to copy filtered resources, i.e. build is platform dependent!
2018-05-03 15:26:28,687 [Worker-21] INFO  o.e.m.c.i.embedder.EclipseLogger - Copying 0 resource
2018-05-03 15:28:45,451 [Worker-23] WARN  o.e.m.c.i.embedder.EclipseLogger - Using platform encoding (Cp1252 actually) to copy filtered resources, i.e. build is platform dependent!
2018-05-03 15:28:45,451 [Worker-23] INFO  o.e.m.c.i.embedder.EclipseLogger - Copying 0 resource
2018-05-03 15:28:45,451 [Worker-23] WARN  o.e.m.c.i.embedder.EclipseLogger - Using platform encoding (Cp1252 actually) to copy filtered resources, i.e. build is platform dependent!
2018-05-03 15:28:45,467 [Worker-23] INFO  o.e.m.c.i.embedder.EclipseLogger - Copying 0 resource
2018-05-03 15:28:53,757 [Worker-23] WARN  o.e.m.c.i.embedder.EclipseLogger - Using platform encoding (Cp1252 actually) to copy filtered resources, i.e. build is platform dependent!
2018-05-03 15:28:53,757 [Worker-23] INFO  o.e.m.c.i.embedder.EclipseLogger - Copying 0 resource
2018-05-03 15:28:53,757 [Worker-23] WARN  o.e.m.c.i.embedder.EclipseLogger - Using platform encoding (Cp1252 actually) to copy filtered resources, i.e. build is platform dependent!
2018-05-03 15:28:53,757 [Worker-23] INFO  o.e.m.c.i.embedder.EclipseLogger - Copying 0 resource
2018-05-03 15:28:59,567 [Worker-18] WARN  o.e.m.c.i.embedder.EclipseLogger - Using platform encoding (Cp1252 actually) to copy filtered resources, i.e. build is platform dependent!
2018-05-03 15:28:59,567 [Worker-18] INFO  o.e.m.c.i.embedder.EclipseLogger - Copying 0 resource
2018-05-03 15:28:59,567 [Worker-18] WARN  o.e.m.c.i.embedder.EclipseLogger - Using platform encoding (Cp1252 actually) to copy filtered resources, i.e. build is platform dependent!
2018-05-03 15:28:59,582 [Worker-18] INFO  o.e.m.c.i.embedder.EclipseLogger - Copying 0 resource
2018-05-03 15:36:05,183 [Worker-18] WARN  o.e.m.c.i.embedder.EclipseLogger - Using platform encoding (Cp1252 actually) to copy filtered resources, i.e. build is platform dependent!
2018-05-03 15:36:05,183 [Worker-18] INFO  o.e.m.c.i.embedder.EclipseLogger - Copying 0 resource
2018-05-03 15:36:05,183 [Worker-18] WARN  o.e.m.c.i.embedder.EclipseLogger - Using platform encoding (Cp1252 actually) to copy filtered resources, i.e. build is platform dependent!
2018-05-03 15:36:05,183 [Worker-18] INFO  o.e.m.c.i.embedder.EclipseLogger - Copying 0 resource
2018-05-03 15:39:04,956 [Worker-31] WARN  o.e.m.c.i.embedder.EclipseLogger - Using platform encoding (Cp1252 actually) to copy filtered resources, i.e. build is platform dependent!
2018-05-03 15:39:04,972 [Worker-31] INFO  o.e.m.c.i.embedder.EclipseLogger - Copying 0 resource
2018-05-03 15:39:04,972 [Worker-31] WARN  o.e.m.c.i.embedder.EclipseLogger - Using platform encoding (Cp1252 actually) to copy filtered resources, i.e. build is platform dependent!
2018-05-03 15:39:04,972 [Worker-31] INFO  o.e.m.c.i.embedder.EclipseLogger - Copying 0 resource
2018-05-03 15:39:44,426 [Worker-27] WARN  o.e.m.c.i.embedder.EclipseLogger - Using platform encoding (Cp1252 actually) to copy filtered resources, i.e. build is platform dependent!
2018-05-03 15:39:44,426 [Worker-27] INFO  o.e.m.c.i.embedder.EclipseLogger - Copying 0 resource
2018-05-03 15:39:44,426 [Worker-27] WARN  o.e.m.c.i.embedder.EclipseLogger - Using platform encoding (Cp1252 actually) to copy filtered resources, i.e. build is platform dependent!
2018-05-03 15:39:44,426 [Worker-27] INFO  o.e.m.c.i.embedder.EclipseLogger - Copying 0 resource
2018-05-03 15:40:18,975 [Worker-24] WARN  o.e.m.c.i.embedder.EclipseLogger - Using platform encoding (Cp1252 actually) to copy filtered resources, i.e. build is platform dependent!
2018-05-03 15:40:18,975 [Worker-24] INFO  o.e.m.c.i.embedder.EclipseLogger - Copying 0 resource
2018-05-03 15:40:18,975 [Worker-24] WARN  o.e.m.c.i.embedder.EclipseLogger - Using platform encoding (Cp1252 actually) to copy filtered resources, i.e. build is platform dependent!
2018-05-03 15:40:18,991 [Worker-24] INFO  o.e.m.c.i.embedder.EclipseLogger - Copying 0 resource
2018-05-03 15:43:18,384 [Worker-24] WARN  o.e.m.c.i.embedder.EclipseLogger - Using platform encoding (Cp1252 actually) to copy filtered resources, i.e. build is platform dependent!
2018-05-03 15:43:18,385 [Worker-24] INFO  o.e.m.c.i.embedder.EclipseLogger - Copying 0 resource
2018-05-03 15:43:18,386 [Worker-24] WARN  o.e.m.c.i.embedder.EclipseLogger - Using platform encoding (Cp1252 actually) to copy filtered resources, i.e. build is platform dependent!
2018-05-03 15:43:18,387 [Worker-24] INFO  o.e.m.c.i.embedder.EclipseLogger - Copying 0 resource
2018-05-03 15:43:49,505 [Worker-35] INFO  o.e.m.i.launch.MavenLaunchDelegate - C:\Users\Dusan\Desktop\KTH-VT18\Craigslist-price-recommendations\MeavenProject\mave-price_rec
2018-05-03 15:43:49,505 [Worker-35] INFO  o.e.m.i.launch.MavenLaunchDelegate -  mvn  -B clean
2018-05-03 15:43:58,548 [Worker-36] WARN  o.e.m.c.i.embedder.EclipseLogger - Using platform encoding (Cp1252 actually) to copy filtered resources, i.e. build is platform dependent!
2018-05-03 15:43:58,548 [Worker-36] INFO  o.e.m.c.i.embedder.EclipseLogger - Copying 0 resource
2018-05-03 15:43:58,548 [Worker-36] WARN  o.e.m.c.i.embedder.EclipseLogger - Using platform encoding (Cp1252 actually) to copy filtered resources, i.e. build is platform dependent!
2018-05-03 15:43:58,548 [Worker-36] INFO  o.e.m.c.i.embedder.EclipseLogger - Copying 0 resource
2018-05-03 15:44:22,481 [main] INFO  o.e.m2e.actions.ExecutePomAction - Creating new launch configuration
2018-05-03 15:44:27,948 [Worker-18] INFO  o.e.m.i.launch.MavenLaunchDelegate - C:\Users\Dusan\Desktop\KTH-VT18\Craigslist-price-recommendations\MeavenProject\mave-price_rec
2018-05-03 15:44:27,948 [Worker-18] INFO  o.e.m.i.launch.MavenLaunchDelegate -  mvn  -B 
2018-05-03 15:44:28,064 [Worker-24] WARN  o.e.m.c.i.embedder.EclipseLogger - Using platform encoding (Cp1252 actually) to copy filtered resources, i.e. build is platform dependent!
2018-05-03 15:44:28,064 [Worker-24] INFO  o.e.m.c.i.embedder.EclipseLogger - Copying 0 resource
2018-05-03 15:44:28,064 [Worker-24] WARN  o.e.m.c.i.embedder.EclipseLogger - Using platform encoding (Cp1252 actually) to copy filtered resources, i.e. build is platform dependent!
2018-05-03 15:44:28,064 [Worker-24] INFO  o.e.m.c.i.embedder.EclipseLogger - Copying 0 resource
2018-05-03 15:45:30,175 [Worker-27] INFO  o.e.m.i.launch.MavenLaunchDelegate - C:\Users\Dusan\Desktop\KTH-VT18\Craigslist-price-recommendations\MeavenProject\mave-price_rec
2018-05-03 15:45:30,175 [Worker-27] INFO  o.e.m.i.launch.MavenLaunchDelegate -  mvn  -B clean
2018-05-03 15:45:37,950 [Worker-36] INFO  o.e.m.i.launch.MavenLaunchDelegate - C:\Users\Dusan\Desktop\KTH-VT18\Craigslist-price-recommendations\MeavenProject\mave-price_rec
2018-05-03 15:45:37,950 [Worker-36] INFO  o.e.m.i.launch.MavenLaunchDelegate -  mvn  -B clean
2018-05-03 15:45:50,473 [Worker-37] WARN  o.e.m.c.i.embedder.EclipseLogger - Using platform encoding (Cp1252 actually) to copy filtered resources, i.e. build is platform dependent!
2018-05-03 15:45:50,473 [Worker-37] INFO  o.e.m.c.i.embedder.EclipseLogger - Copying 0 resource
2018-05-03 15:45:50,473 [Worker-37] WARN  o.e.m.c.i.embedder.EclipseLogger - Using platform encoding (Cp1252 actually) to copy filtered resources, i.e. build is platform dependent!
2018-05-03 15:45:50,473 [Worker-37] INFO  o.e.m.c.i.embedder.EclipseLogger - Copying 0 resource
2018-05-03 15:46:51,721 [Worker-36] INFO  o.e.m.i.launch.MavenLaunchDelegate - C:\Users\Dusan\Desktop\KTH-VT18\Craigslist-price-recommendations\MeavenProject\mave-price_rec
2018-05-03 15:46:51,721 [Worker-36] INFO  o.e.m.i.launch.MavenLaunchDelegate -  mvn  -B clean
2018-05-03 15:47:30,062 [Worker-24] WARN  o.e.m.c.i.embedder.EclipseLogger - Using platform encoding (Cp1252 actually) to copy filtered resources, i.e. build is platform dependent!
2018-05-03 15:47:30,064 [Worker-24] INFO  o.e.m.c.i.embedder.EclipseLogger - Copying 0 resource
2018-05-03 15:47:30,064 [Worker-24] WARN  o.e.m.c.i.embedder.EclipseLogger - Using platform encoding (Cp1252 actually) to copy filtered resources, i.e. build is platform dependent!
2018-05-03 15:47:30,066 [Worker-24] INFO  o.e.m.c.i.embedder.EclipseLogger - Copying 0 resource
2018-05-03 15:50:01,278 [Worker-39] WARN  o.e.m.c.i.embedder.EclipseLogger - Using platform encoding (Cp1252 actually) to copy filtered resources, i.e. build is platform dependent!
2018-05-03 15:50:01,279 [Worker-39] INFO  o.e.m.c.i.embedder.EclipseLogger - Copying 0 resource
2018-05-03 15:50:01,280 [Worker-39] WARN  o.e.m.c.i.embedder.EclipseLogger - Using platform encoding (Cp1252 actually) to copy filtered resources, i.e. build is platform dependent!
2018-05-03 15:50:01,282 [Worker-39] INFO  o.e.m.c.i.embedder.EclipseLogger - Copying 0 resource
2018-05-03 15:51:04,379 [Worker-37] WARN  o.e.m.c.i.embedder.EclipseLogger - Using platform encoding (Cp1252 actually) to copy filtered resources, i.e. build is platform dependent!
2018-05-03 15:51:04,379 [Worker-37] INFO  o.e.m.c.i.embedder.EclipseLogger - Copying 0 resource
2018-05-03 15:51:04,379 [Worker-37] WARN  o.e.m.c.i.embedder.EclipseLogger - Using platform encoding (Cp1252 actually) to copy filtered resources, i.e. build is platform dependent!
2018-05-03 15:51:04,379 [Worker-37] INFO  o.e.m.c.i.embedder.EclipseLogger - Copying 0 resource
2018-05-03 15:51:24,468 [Worker-39] WARN  o.e.m.c.i.embedder.EclipseLogger - Using platform encoding (Cp1252 actually) to copy filtered resources, i.e. build is platform dependent!
2018-05-03 15:51:24,468 [Worker-39] INFO  o.e.m.c.i.embedder.EclipseLogger - Copying 0 resource
2018-05-03 15:51:24,468 [Worker-39] WARN  o.e.m.c.i.embedder.EclipseLogger - Using platform encoding (Cp1252 actually) to copy filtered resources, i.e. build is platform dependent!
2018-05-03 15:51:24,468 [Worker-39] INFO  o.e.m.c.i.embedder.EclipseLogger - Copying 0 resource
2018-05-03 15:51:33,904 [Worker-40] INFO  o.e.m.i.launch.MavenLaunchDelegate - C:\Users\Dusan\Desktop\KTH-VT18\Craigslist-price-recommendations\MeavenProject\mave-price_rec
2018-05-03 15:51:33,904 [Worker-40] INFO  o.e.m.i.launch.MavenLaunchDelegate -  mvn  -B clean
2018-05-03 15:51:46,106 [Worker-37] WARN  o.e.m.c.i.embedder.EclipseLogger - Using platform encoding (Cp1252 actually) to copy filtered resources, i.e. build is platform dependent!
2018-05-03 15:51:46,106 [Worker-37] INFO  o.e.m.c.i.embedder.EclipseLogger - Copying 0 resource
2018-05-03 15:51:46,106 [Worker-37] WARN  o.e.m.c.i.embedder.EclipseLogger - Using platform encoding (Cp1252 actually) to copy filtered resources, i.e. build is platform dependent!
2018-05-03 15:51:46,106 [Worker-37] INFO  o.e.m.c.i.embedder.EclipseLogger - Copying 0 resource
2018-05-03 15:52:37,063 [Worker-40] WARN  o.e.m.c.i.embedder.EclipseLogger - Using platform encoding (Cp1252 actually) to copy filtered resources, i.e. build is platform dependent!
2018-05-03 15:52:37,063 [Worker-40] INFO  o.e.m.c.i.embedder.EclipseLogger - Copying 0 resource
2018-05-03 15:52:37,063 [Worker-40] WARN  o.e.m.c.i.embedder.EclipseLogger - Using platform encoding (Cp1252 actually) to copy filtered resources, i.e. build is platform dependent!
2018-05-03 15:52:37,063 [Worker-40] INFO  o.e.m.c.i.embedder.EclipseLogger - Copying 0 resource
2018-05-03 15:52:53,354 [Worker-40] WARN  o.e.m.c.i.embedder.EclipseLogger - Using platform encoding (Cp1252 actually) to copy filtered resources, i.e. build is platform dependent!
2018-05-03 15:52:53,354 [Worker-40] INFO  o.e.m.c.i.embedder.EclipseLogger - Copying 0 resource
2018-05-03 15:52:53,354 [Worker-40] WARN  o.e.m.c.i.embedder.EclipseLogger - Using platform encoding (Cp1252 actually) to copy filtered resources, i.e. build is platform dependent!
2018-05-03 15:52:53,369 [Worker-40] INFO  o.e.m.c.i.embedder.EclipseLogger - Copying 0 resource
2018-05-03 15:53:16,871 [Worker-43] WARN  o.e.m.c.i.embedder.EclipseLogger - Using platform encoding (Cp1252 actually) to copy filtered resources, i.e. build is platform dependent!
2018-05-03 15:53:16,871 [Worker-43] INFO  o.e.m.c.i.embedder.EclipseLogger - Copying 0 resource
2018-05-03 15:53:16,871 [Worker-43] WARN  o.e.m.c.i.embedder.EclipseLogger - Using platform encoding (Cp1252 actually) to copy filtered resources, i.e. build is platform dependent!
2018-05-03 15:53:16,871 [Worker-43] INFO  o.e.m.c.i.embedder.EclipseLogger - Copying 0 resource
2018-05-03 15:57:02,870 [Worker-39] INFO  o.e.m.i.launch.MavenLaunchDelegate - C:\Users\Dusan\Desktop\KTH-VT18\Craigslist-price-recommendations\MeavenProject\mave-price_rec
2018-05-03 15:57:02,870 [Worker-39] INFO  o.e.m.i.launch.MavenLaunchDelegate -  mvn  -B clean
2018-05-03 15:57:07,090 [main] INFO  o.e.m2e.actions.ExecutePomAction - Using existing launch configuration
2018-05-03 15:57:10,542 [Worker-38] INFO  o.e.m.i.launch.MavenLaunchDelegate - C:\Users\Dusan\Desktop\KTH-VT18\Craigslist-price-recommendations\MeavenProject\mave-price_rec
2018-05-03 15:57:10,542 [Worker-38] INFO  o.e.m.i.launch.MavenLaunchDelegate -  mvn  -B 
2018-05-03 16:22:10,751 [Worker-39] WARN  o.e.m.c.i.embedder.EclipseLogger - Using platform encoding (Cp1252 actually) to copy filtered resources, i.e. build is platform dependent!
2018-05-03 16:22:10,751 [Worker-39] INFO  o.e.m.c.i.embedder.EclipseLogger - Copying 0 resource
2018-05-03 16:22:10,751 [Worker-39] WARN  o.e.m.c.i.embedder.EclipseLogger - Using platform encoding (Cp1252 actually) to copy filtered resources, i.e. build is platform dependent!
2018-05-03 16:22:10,751 [Worker-39] INFO  o.e.m.c.i.embedder.EclipseLogger - Copying 0 resource
2018-05-03 16:22:20,408 [Worker-50] WARN  o.e.m.c.i.embedder.EclipseLogger - Using platform encoding (Cp1252 actually) to copy filtered resources, i.e. build is platform dependent!
2018-05-03 16:22:20,408 [Worker-50] INFO  o.e.m.c.i.embedder.EclipseLogger - Copying 0 resource
2018-05-03 16:22:20,408 [Worker-50] WARN  o.e.m.c.i.embedder.EclipseLogger - Using platform encoding (Cp1252 actually) to copy filtered resources, i.e. build is platform dependent!
2018-05-03 16:22:20,424 [Worker-50] INFO  o.e.m.c.i.embedder.EclipseLogger - Copying 0 resource
2018-05-03 16:22:55,671 [Worker-39] INFO  o.e.m.c.i.l.LifecycleMappingFactory - Using org.eclipse.m2e.jdt.JarLifecycleMapping lifecycle mapping for MavenProject: com.price_recomendation:mave-price_rec:0.0.1-SNAPSHOT @ C:\Users\Dusan\Desktop\KTH-VT18\Craigslist-price-recommendations\MeavenProject\mave-price_rec\pom.xml.
2018-05-03 16:22:56,242 [Worker-39] WARN  o.e.m.c.i.embedder.EclipseLogger - Using platform encoding (Cp1252 actually) to copy filtered resources, i.e. build is platform dependent!
2018-05-03 16:22:56,242 [Worker-39] INFO  o.e.m.c.i.embedder.EclipseLogger - Copying 0 resource
2018-05-03 16:22:56,242 [Worker-39] WARN  o.e.m.c.i.embedder.EclipseLogger - Using platform encoding (Cp1252 actually) to copy filtered resources, i.e. build is platform dependent!
2018-05-03 16:22:56,242 [Worker-39] INFO  o.e.m.c.i.embedder.EclipseLogger - Copying 0 resource
2018-05-03 16:22:57,844 [Worker-50] WARN  o.e.m.c.i.embedder.EclipseLogger - Using platform encoding (Cp1252 actually) to copy filtered resources, i.e. build is platform dependent!
2018-05-03 16:22:57,844 [Worker-50] INFO  o.e.m.c.i.embedder.EclipseLogger - Copying 0 resource
2018-05-03 16:22:57,844 [Worker-50] WARN  o.e.m.c.i.embedder.EclipseLogger - Using platform encoding (Cp1252 actually) to copy filtered resources, i.e. build is platform dependent!
2018-05-03 16:22:57,844 [Worker-50] INFO  o.e.m.c.i.embedder.EclipseLogger - Copying 0 resource
2018-05-03 16:23:43,035 [Worker-39] INFO  o.e.m.c.i.l.LifecycleMappingFactory - Using org.eclipse.m2e.jdt.JarLifecycleMapping lifecycle mapping for MavenProject: com.price_recomendation:mave-price_rec:0.0.1-SNAPSHOT @ C:\Users\Dusan\Desktop\KTH-VT18\Craigslist-price-recommendations\MeavenProject\mave-price_rec\pom.xml.
2018-05-03 16:23:43,550 [Worker-39] WARN  o.e.m.c.i.embedder.EclipseLogger - Using platform encoding (Cp1252 actually) to copy filtered resources, i.e. build is platform dependent!
2018-05-03 16:23:43,551 [Worker-39] INFO  o.e.m.c.i.embedder.EclipseLogger - Copying 0 resource
2018-05-03 16:23:43,552 [Worker-39] WARN  o.e.m.c.i.embedder.EclipseLogger - Using platform encoding (Cp1252 actually) to copy filtered resources, i.e. build is platform dependent!
2018-05-03 16:23:43,553 [Worker-39] INFO  o.e.m.c.i.embedder.EclipseLogger - Copying 0 resource
2018-05-03 16:23:45,317 [Worker-51] WARN  o.e.m.c.i.embedder.EclipseLogger - Using platform encoding (Cp1252 actually) to copy filtered resources, i.e. build is platform dependent!
2018-05-03 16:23:45,318 [Worker-51] INFO  o.e.m.c.i.embedder.EclipseLogger - Copying 0 resource
2018-05-03 16:23:45,319 [Worker-51] WARN  o.e.m.c.i.embedder.EclipseLogger - Using platform encoding (Cp1252 actually) to copy filtered resources, i.e. build is platform dependent!
2018-05-03 16:23:45,320 [Worker-51] INFO  o.e.m.c.i.embedder.EclipseLogger - Copying 0 resource
2018-05-03 16:28:44,100 [Worker-39] INFO  o.e.m.i.launch.MavenLaunchDelegate - C:\Users\Dusan\Desktop\KTH-VT18\Craigslist-price-recommendations\MeavenProject\mave-price_rec
2018-05-03 16:28:44,100 [Worker-39] INFO  o.e.m.i.launch.MavenLaunchDelegate -  mvn  -B clean
2018-05-03 16:29:09,479 [Worker-39] INFO  o.e.m.i.launch.MavenLaunchDelegate - C:\Users\Dusan\Desktop\KTH-VT18\Craigslist-price-recommendations\MeavenProject\mave-price_rec
2018-05-03 16:29:09,479 [Worker-39] INFO  o.e.m.i.launch.MavenLaunchDelegate -  mvn  -B 
2018-05-03 16:33:05,370 [Worker-52] INFO  o.e.m.c.i.l.LifecycleMappingFactory - Using org.eclipse.m2e.jdt.JarLifecycleMapping lifecycle mapping for MavenProject: com.price_recomendation:mave-price_rec:0.0.1-SNAPSHOT @ C:\Users\Dusan\Desktop\KTH-VT18\Craigslist-price-recommendations\MeavenProject\mave-price_rec\pom.xml.
2018-05-03 16:33:06,294 [Worker-52] WARN  o.e.m.c.i.embedder.EclipseLogger - Using platform encoding (Cp1252 actually) to copy filtered resources, i.e. build is platform dependent!
2018-05-03 16:33:06,299 [Worker-52] INFO  o.e.m.c.i.embedder.EclipseLogger - Copying 0 resource
2018-05-03 16:33:06,301 [Worker-52] WARN  o.e.m.c.i.embedder.EclipseLogger - Using platform encoding (Cp1252 actually) to copy filtered resources, i.e. build is platform dependent!
2018-05-03 16:33:06,305 [Worker-52] INFO  o.e.m.c.i.embedder.EclipseLogger - Copying 0 resource
2018-05-03 16:33:08,216 [Worker-57] WARN  o.e.m.c.i.embedder.EclipseLogger - Using platform encoding (Cp1252 actually) to copy filtered resources, i.e. build is platform dependent!
2018-05-03 16:33:08,216 [Worker-57] INFO  o.e.m.c.i.embedder.EclipseLogger - Copying 0 resource
2018-05-03 16:33:08,216 [Worker-57] WARN  o.e.m.c.i.embedder.EclipseLogger - Using platform encoding (Cp1252 actually) to copy filtered resources, i.e. build is platform dependent!
2018-05-03 16:33:08,216 [Worker-57] INFO  o.e.m.c.i.embedder.EclipseLogger - Copying 0 resource
2018-05-03 16:47:18,673 [Worker-52] WARN  o.e.m.c.i.embedder.EclipseLogger - Using platform encoding (Cp1252 actually) to copy filtered resources, i.e. build is platform dependent!
2018-05-03 16:47:18,673 [Worker-52] INFO  o.e.m.c.i.embedder.EclipseLogger - Copying 1 resource
2018-05-03 16:47:18,688 [Worker-52] WARN  o.e.m.c.i.embedder.EclipseLogger - Using platform encoding (Cp1252 actually) to copy filtered resources, i.e. build is platform dependent!
2018-05-03 16:47:18,688 [Worker-52] INFO  o.e.m.c.i.embedder.EclipseLogger - Copying 0 resource
2018-05-03 16:47:21,122 [Worker-52] WARN  o.e.m.c.i.embedder.EclipseLogger - Using platform encoding (Cp1252 actually) to copy filtered resources, i.e. build is platform dependent!
2018-05-03 16:47:21,122 [Worker-52] INFO  o.e.m.c.i.embedder.EclipseLogger - Copying 1 resource
2018-05-03 16:47:21,122 [Worker-52] WARN  o.e.m.c.i.embedder.EclipseLogger - Using platform encoding (Cp1252 actually) to copy filtered resources, i.e. build is platform dependent!
2018-05-03 16:47:21,122 [Worker-52] INFO  o.e.m.c.i.embedder.EclipseLogger - Copying 0 resource
2018-05-03 16:54:32,751 [Worker-52] INFO  o.e.m.c.i.l.LifecycleMappingFactory - Using org.eclipse.m2e.jdt.JarLifecycleMapping lifecycle mapping for MavenProject: com.price_recomendation:mave-price_rec:0.0.1-SNAPSHOT @ C:\Users\Dusan\Desktop\KTH-VT18\Craigslist-price-recommendations\MeavenProject\mave-price_rec\pom.xml.
2018-05-03 16:54:33,480 [Worker-52] WARN  o.e.m.c.i.embedder.EclipseLogger - Using platform encoding (Cp1252 actually) to copy filtered resources, i.e. build is platform dependent!
2018-05-03 16:54:33,481 [Worker-52] INFO  o.e.m.c.i.embedder.EclipseLogger - Copying 0 resource
2018-05-03 16:54:33,483 [Worker-52] WARN  o.e.m.c.i.embedder.EclipseLogger - Using platform encoding (Cp1252 actually) to copy filtered resources, i.e. build is platform dependent!
2018-05-03 16:54:33,484 [Worker-52] INFO  o.e.m.c.i.embedder.EclipseLogger - Copying 0 resource
2018-05-03 16:54:35,230 [Worker-52] WARN  o.e.m.c.i.embedder.EclipseLogger - Using platform encoding (Cp1252 actually) to copy filtered resources, i.e. build is platform dependent!
2018-05-03 16:54:35,232 [Worker-52] INFO  o.e.m.c.i.embedder.EclipseLogger - Copying 1 resource
2018-05-03 16:54:35,235 [Worker-52] WARN  o.e.m.c.i.embedder.EclipseLogger - Using platform encoding (Cp1252 actually) to copy filtered resources, i.e. build is platform dependent!
2018-05-03 16:54:35,237 [Worker-52] INFO  o.e.m.c.i.embedder.EclipseLogger - Copying 0 resource
2018-05-03 16:55:02,840 [Worker-60] WARN  o.e.m.c.i.embedder.EclipseLogger - Using platform encoding (Cp1252 actually) to copy filtered resources, i.e. build is platform dependent!
2018-05-03 16:55:02,856 [Worker-60] INFO  o.e.m.c.i.embedder.EclipseLogger - Copying 1 resource
2018-05-03 16:55:02,856 [Worker-60] WARN  o.e.m.c.i.embedder.EclipseLogger - Using platform encoding (Cp1252 actually) to copy filtered resources, i.e. build is platform dependent!
2018-05-03 16:55:02,856 [Worker-60] INFO  o.e.m.c.i.embedder.EclipseLogger - Copying 0 resource
